01/12 02:33:47 PM | 
01/12 02:33:47 PM | Parameters:
01/12 02:33:47 PM | FC1=2
01/12 02:33:47 PM | FC2=2
01/12 02:33:47 PM | FC3=2
01/12 02:33:47 PM | SYNC=False
01/12 02:33:47 PM | 
01/12 02:33:50 PM | model size: 0.019 KB
01/12 02:33:58 PM | Final best Prec = 98.1250%, Loss = 0.0000
01/12 02:33:58 PM | total_cost:{50048},total_time:{112}
01/12 02:33:58 PM | 
01/12 02:33:58 PM | Parameters:
01/12 02:33:58 PM | FC1=2
01/12 02:33:58 PM | FC2=2
01/12 02:33:58 PM | FC3=4
01/12 02:33:58 PM | SYNC=False
01/12 02:33:58 PM | 
01/12 02:33:58 PM | model size: 0.026 KB
01/12 02:34:06 PM | Final best Prec = 98.1250%, Loss = 0.0000
01/12 02:34:06 PM | total_cost:{65088},total_time:{144}
01/12 02:34:06 PM | 
01/12 02:34:06 PM | Parameters:
01/12 02:34:06 PM | FC1=2
01/12 02:34:06 PM | FC2=2
01/12 02:34:06 PM | FC3=8
01/12 02:34:06 PM | SYNC=False
01/12 02:34:06 PM | 
01/12 02:34:06 PM | model size: 0.042 KB
01/12 02:34:14 PM | Final best Prec = 98.1250%, Loss = 0.0000
01/12 02:34:14 PM | total_cost:{95168},total_time:{208}
01/12 02:34:14 PM | 
01/12 02:34:14 PM | Parameters:
01/12 02:34:14 PM | FC1=2
01/12 02:34:14 PM | FC2=2
01/12 02:34:14 PM | FC3=16
01/12 02:34:14 PM | SYNC=False
01/12 02:34:14 PM | 
01/12 02:34:14 PM | model size: 0.073 KB
01/12 02:34:23 PM | Final best Prec = 97.8125%, Loss = 0.0000
01/12 02:34:23 PM | total_cost:{155328},total_time:{336}
01/12 02:34:23 PM | 
01/12 02:34:23 PM | Parameters:
01/12 02:34:23 PM | FC1=2
01/12 02:34:23 PM | FC2=2
01/12 02:34:23 PM | FC3=32
01/12 02:34:23 PM | SYNC=False
01/12 02:34:23 PM | 
01/12 02:34:23 PM | model size: 0.136 KB
01/12 02:34:31 PM | Final best Prec = 98.1250%, Loss = 0.0000
01/12 02:34:31 PM | total_cost:{275648},total_time:{592}
01/12 02:34:31 PM | 
01/12 02:34:31 PM | Parameters:
01/12 02:34:31 PM | FC1=2
01/12 02:34:31 PM | FC2=2
01/12 02:34:31 PM | FC3=64
01/12 02:34:31 PM | SYNC=False
01/12 02:34:31 PM | 
01/12 02:34:32 PM | model size: 0.261 KB
01/12 02:34:40 PM | Final best Prec = 98.1250%, Loss = 0.0000
01/12 02:34:40 PM | total_cost:{516288},total_time:{1104}
01/12 02:34:40 PM | 
01/12 02:34:40 PM | Parameters:
01/12 02:34:40 PM | FC1=2
01/12 02:34:40 PM | FC2=4
01/12 02:34:40 PM | FC3=2
01/12 02:34:40 PM | SYNC=False
01/12 02:34:40 PM | 
01/12 02:34:40 PM | model size: 0.028 KB
01/12 02:34:48 PM | Final best Prec = 98.1250%, Loss = 0.0000
01/12 02:34:48 PM | total_cost:{65664},total_time:{144}
01/12 02:34:48 PM | 
01/12 02:34:48 PM | Parameters:
01/12 02:34:48 PM | FC1=2
01/12 02:34:48 PM | FC2=4
01/12 02:34:48 PM | FC3=4
01/12 02:34:48 PM | SYNC=False
01/12 02:34:48 PM | 
01/12 02:34:48 PM | model size: 0.040 KB
01/12 02:34:56 PM | Final best Prec = 98.1250%, Loss = 0.0000
01/12 02:34:56 PM | total_cost:{81856},total_time:{176}
01/12 02:34:56 PM | 
01/12 02:34:56 PM | Parameters:
01/12 02:34:56 PM | FC1=2
01/12 02:34:56 PM | FC2=4
01/12 02:34:56 PM | FC3=8
01/12 02:34:56 PM | SYNC=False
01/12 02:34:56 PM | 
01/12 02:34:56 PM | model size: 0.063 KB
01/12 02:35:05 PM | Final best Prec = 98.1250%, Loss = 0.0000
01/12 02:35:05 PM | total_cost:{114240},total_time:{240}
01/12 02:35:05 PM | 
01/12 02:35:05 PM | Parameters:
01/12 02:35:05 PM | FC1=2
01/12 02:35:05 PM | FC2=4
01/12 02:35:05 PM | FC3=16
01/12 02:35:05 PM | SYNC=False
01/12 02:35:05 PM | 
01/12 02:35:05 PM | model size: 0.110 KB
01/12 02:35:13 PM | Final best Prec = 98.1250%, Loss = 0.0000
01/12 02:35:13 PM | total_cost:{179008},total_time:{368}
01/12 02:35:13 PM | 
01/12 02:35:13 PM | Parameters:
01/12 02:35:13 PM | FC1=2
01/12 02:35:13 PM | FC2=4
01/12 02:35:13 PM | FC3=32
01/12 02:35:13 PM | SYNC=False
01/12 02:35:13 PM | 
01/12 02:35:14 PM | model size: 0.204 KB
01/12 02:35:22 PM | Final best Prec = 98.1250%, Loss = 0.0000
01/12 02:35:22 PM | total_cost:{308544},total_time:{624}
01/12 02:35:22 PM | 
01/12 02:35:22 PM | Parameters:
01/12 02:35:22 PM | FC1=2
01/12 02:35:22 PM | FC2=4
01/12 02:35:22 PM | FC3=64
01/12 02:35:22 PM | SYNC=False
01/12 02:35:22 PM | 
01/12 02:35:23 PM | model size: 0.392 KB
01/12 02:35:31 PM | Final best Prec = 98.1250%, Loss = 0.0000
01/12 02:35:31 PM | total_cost:{567616},total_time:{1136}
01/12 02:35:31 PM | 
01/12 02:35:31 PM | Parameters:
01/12 02:35:31 PM | FC1=2
01/12 02:35:31 PM | FC2=8
01/12 02:35:31 PM | FC3=2
01/12 02:35:31 PM | SYNC=False
01/12 02:35:31 PM | 
01/12 02:35:31 PM | model size: 0.048 KB
01/12 02:35:40 PM | Final best Prec = 94.3750%, Loss = 0.0000
01/12 02:35:40 PM | total_cost:{96896},total_time:{208}
01/12 02:35:40 PM | 
01/12 02:35:40 PM | Parameters:
01/12 02:35:40 PM | FC1=2
01/12 02:35:40 PM | FC2=8
01/12 02:35:40 PM | FC3=4
01/12 02:35:40 PM | SYNC=False
01/12 02:35:40 PM | 
01/12 02:35:40 PM | model size: 0.067 KB
01/12 02:35:48 PM | Final best Prec = 97.8125%, Loss = 0.0000
01/12 02:35:48 PM | total_cost:{115392},total_time:{240}
01/12 02:35:48 PM | 
01/12 02:35:48 PM | Parameters:
01/12 02:35:48 PM | FC1=2
01/12 02:35:48 PM | FC2=8
01/12 02:35:48 PM | FC3=8
01/12 02:35:48 PM | SYNC=False
01/12 02:35:48 PM | 
01/12 02:35:49 PM | model size: 0.106 KB
01/12 02:35:57 PM | Final best Prec = 96.2500%, Loss = 0.0000
01/12 02:35:57 PM | total_cost:{152384},total_time:{304}
01/12 02:35:57 PM | 
01/12 02:35:57 PM | Parameters:
01/12 02:35:57 PM | FC1=2
01/12 02:35:57 PM | FC2=8
01/12 02:35:57 PM | FC3=16
01/12 02:35:57 PM | SYNC=False
01/12 02:35:57 PM | 
01/12 02:35:57 PM | model size: 0.185 KB
01/12 02:36:06 PM | Final best Prec = 98.1250%, Loss = 0.0000
01/12 02:36:06 PM | total_cost:{226368},total_time:{432}
01/12 02:36:06 PM | 
01/12 02:36:06 PM | Parameters:
01/12 02:36:06 PM | FC1=2
01/12 02:36:06 PM | FC2=8
01/12 02:36:06 PM | FC3=32
01/12 02:36:06 PM | SYNC=False
01/12 02:36:06 PM | 
01/12 02:36:06 PM | model size: 0.341 KB
01/12 02:36:15 PM | Final best Prec = 98.1250%, Loss = 0.0000
01/12 02:36:15 PM | total_cost:{374336},total_time:{688}
01/12 02:36:15 PM | 
01/12 02:36:15 PM | Parameters:
01/12 02:36:15 PM | FC1=2
01/12 02:36:15 PM | FC2=8
01/12 02:36:15 PM | FC3=64
01/12 02:36:15 PM | SYNC=False
01/12 02:36:15 PM | 
01/12 02:36:16 PM | model size: 0.653 KB
01/12 02:36:24 PM | Final best Prec = 98.1250%, Loss = 0.0000
01/12 02:36:24 PM | total_cost:{670272},total_time:{1200}
01/12 02:36:24 PM | 
01/12 02:36:24 PM | Parameters:
01/12 02:36:24 PM | FC1=2
01/12 02:36:24 PM | FC2=16
01/12 02:36:24 PM | FC3=2
01/12 02:36:24 PM | SYNC=False
01/12 02:36:24 PM | 
01/12 02:36:24 PM | model size: 0.087 KB
01/12 02:36:33 PM | Final best Prec = 97.8125%, Loss = 0.0000
01/12 02:36:33 PM | total_cost:{159360},total_time:{336}
01/12 02:36:33 PM | 
01/12 02:36:33 PM | Parameters:
01/12 02:36:33 PM | FC1=2
01/12 02:36:33 PM | FC2=16
01/12 02:36:33 PM | FC3=4
01/12 02:36:33 PM | SYNC=False
01/12 02:36:33 PM | 
01/12 02:36:33 PM | model size: 0.122 KB
01/12 02:36:42 PM | Final best Prec = 96.2500%, Loss = 0.0000
01/12 02:36:42 PM | total_cost:{182464},total_time:{368}
01/12 02:36:42 PM | 
01/12 02:36:42 PM | Parameters:
01/12 02:36:42 PM | FC1=2
01/12 02:36:42 PM | FC2=16
01/12 02:36:42 PM | FC3=8
01/12 02:36:42 PM | SYNC=False
01/12 02:36:42 PM | 
01/12 02:36:43 PM | model size: 0.192 KB
01/12 02:36:52 PM | Final best Prec = 97.8125%, Loss = 0.0000
01/12 02:36:52 PM | total_cost:{228672},total_time:{432}
01/12 02:36:52 PM | 
01/12 02:36:52 PM | Parameters:
01/12 02:36:52 PM | FC1=2
01/12 02:36:52 PM | FC2=16
01/12 02:36:52 PM | FC3=16
01/12 02:36:52 PM | SYNC=False
01/12 02:36:52 PM | 
01/12 02:36:52 PM | model size: 0.333 KB
01/12 02:37:01 PM | Final best Prec = 98.1250%, Loss = 0.0000
01/12 02:37:01 PM | total_cost:{321088},total_time:{560}
01/12 02:37:01 PM | 
01/12 02:37:01 PM | Parameters:
01/12 02:37:01 PM | FC1=2
01/12 02:37:01 PM | FC2=16
01/12 02:37:01 PM | FC3=32
01/12 02:37:01 PM | SYNC=False
01/12 02:37:01 PM | 
01/12 02:37:01 PM | model size: 0.614 KB
01/12 02:37:10 PM | Final best Prec = 98.1250%, Loss = 0.0000
01/12 02:37:10 PM | total_cost:{505920},total_time:{816}
01/12 02:37:10 PM | 
01/12 02:37:10 PM | Parameters:
01/12 02:37:10 PM | FC1=2
01/12 02:37:10 PM | FC2=16
01/12 02:37:10 PM | FC3=64
01/12 02:37:10 PM | SYNC=False
01/12 02:37:10 PM | 
01/12 02:37:11 PM | model size: 1.177 KB
01/12 02:37:20 PM | Final best Prec = 98.1250%, Loss = 0.0000
01/12 02:37:20 PM | total_cost:{875584},total_time:{1328}
01/12 02:37:20 PM | 
01/12 02:37:20 PM | Parameters:
01/12 02:37:20 PM | FC1=2
01/12 02:37:20 PM | FC2=32
01/12 02:37:20 PM | FC3=2
01/12 02:37:20 PM | SYNC=False
01/12 02:37:20 PM | 
01/12 02:37:20 PM | model size: 0.165 KB
01/12 02:37:29 PM | Final best Prec = 98.1250%, Loss = 0.0000
01/12 02:37:29 PM | total_cost:{284288},total_time:{592}
01/12 02:37:29 PM | 
01/12 02:37:29 PM | Parameters:
01/12 02:37:29 PM | FC1=2
01/12 02:37:29 PM | FC2=32
01/12 02:37:29 PM | FC3=4
01/12 02:37:29 PM | SYNC=False
01/12 02:37:29 PM | 
01/12 02:37:29 PM | model size: 0.231 KB
01/12 02:37:38 PM | Final best Prec = 98.1250%, Loss = 0.0000
01/12 02:37:38 PM | total_cost:{316608},total_time:{624}
01/12 02:37:38 PM | 
01/12 02:37:38 PM | Parameters:
01/12 02:37:38 PM | FC1=2
01/12 02:37:38 PM | FC2=32
01/12 02:37:38 PM | FC3=8
01/12 02:37:38 PM | SYNC=False
01/12 02:37:38 PM | 
01/12 02:37:39 PM | model size: 0.364 KB
01/12 02:37:48 PM | Final best Prec = 98.1250%, Loss = 0.0000
01/12 02:37:48 PM | total_cost:{381248},total_time:{688}
01/12 02:37:48 PM | 
01/12 02:37:48 PM | Parameters:
01/12 02:37:48 PM | FC1=2
01/12 02:37:48 PM | FC2=32
01/12 02:37:48 PM | FC3=16
01/12 02:37:48 PM | SYNC=False
01/12 02:37:48 PM | 
01/12 02:37:48 PM | model size: 0.630 KB
01/12 02:37:57 PM | Final best Prec = 98.1250%, Loss = 0.0000
01/12 02:37:57 PM | total_cost:{510528},total_time:{816}
01/12 02:37:57 PM | 
01/12 02:37:57 PM | Parameters:
01/12 02:37:57 PM | FC1=2
01/12 02:37:57 PM | FC2=32
01/12 02:37:57 PM | FC3=32
01/12 02:37:57 PM | SYNC=False
01/12 02:37:57 PM | 
01/12 02:37:58 PM | model size: 1.161 KB
01/12 02:38:08 PM | Final best Prec = 98.1250%, Loss = 0.0000
01/12 02:38:08 PM | total_cost:{769088},total_time:{1072}
01/12 02:38:08 PM | 
01/12 02:38:08 PM | Parameters:
01/12 02:38:08 PM | FC1=2
01/12 02:38:08 PM | FC2=32
01/12 02:38:08 PM | FC3=64
01/12 02:38:08 PM | SYNC=False
01/12 02:38:08 PM | 
01/12 02:38:09 PM | model size: 2.224 KB
01/12 02:38:18 PM | Final best Prec = 98.1250%, Loss = 0.0000
01/12 02:38:18 PM | total_cost:{1286208},total_time:{1584}
01/12 02:38:18 PM | 
01/12 02:38:18 PM | Parameters:
01/12 02:38:18 PM | FC1=2
01/12 02:38:18 PM | FC2=64
01/12 02:38:18 PM | FC3=2
01/12 02:38:18 PM | SYNC=False
01/12 02:38:18 PM | 
01/12 02:38:19 PM | model size: 0.321 KB
01/12 02:38:28 PM | Final best Prec = 98.1250%, Loss = 0.0000
01/12 02:38:28 PM | total_cost:{534144},total_time:{1104}
01/12 02:38:28 PM | 
01/12 02:38:28 PM | Parameters:
01/12 02:38:28 PM | FC1=2
01/12 02:38:28 PM | FC2=64
01/12 02:38:28 PM | FC3=4
01/12 02:38:28 PM | SYNC=False
01/12 02:38:28 PM | 
01/12 02:38:29 PM | model size: 0.450 KB
01/12 02:38:37 PM | Final best Prec = 94.3750%, Loss = 0.0000
01/12 02:38:37 PM | total_cost:{584896},total_time:{1136}
01/12 02:38:37 PM | 
01/12 02:38:37 PM | Parameters:
01/12 02:38:37 PM | FC1=2
01/12 02:38:37 PM | FC2=64
01/12 02:38:37 PM | FC3=8
01/12 02:38:37 PM | SYNC=False
01/12 02:38:37 PM | 
01/12 02:38:38 PM | model size: 0.708 KB
01/12 02:38:47 PM | Final best Prec = 97.8125%, Loss = 0.0000
01/12 02:38:47 PM | total_cost:{686400},total_time:{1200}
01/12 02:38:47 PM | 
01/12 02:38:47 PM | Parameters:
01/12 02:38:47 PM | FC1=2
01/12 02:38:47 PM | FC2=64
01/12 02:38:47 PM | FC3=16
01/12 02:38:47 PM | SYNC=False
01/12 02:38:47 PM | 
01/12 02:38:48 PM | model size: 1.224 KB
01/12 02:38:57 PM | Final best Prec = 98.1250%, Loss = 0.0000
01/12 02:38:57 PM | total_cost:{889408},total_time:{1328}
01/12 02:38:57 PM | 
01/12 02:38:57 PM | Parameters:
01/12 02:38:57 PM | FC1=2
01/12 02:38:57 PM | FC2=64
01/12 02:38:57 PM | FC3=32
01/12 02:38:57 PM | SYNC=False
01/12 02:38:57 PM | 
01/12 02:38:58 PM | model size: 2.255 KB
01/12 02:39:08 PM | Final best Prec = 98.1250%, Loss = 0.0000
01/12 02:39:08 PM | total_cost:{1295424},total_time:{1584}
01/12 02:39:08 PM | 
01/12 02:39:08 PM | Parameters:
01/12 02:39:08 PM | FC1=2
01/12 02:39:08 PM | FC2=64
01/12 02:39:08 PM | FC3=64
01/12 02:39:08 PM | SYNC=False
01/12 02:39:08 PM | 
01/12 02:39:09 PM | model size: 4.317 KB
01/12 02:39:18 PM | Final best Prec = 98.1250%, Loss = 0.0000
01/12 02:39:18 PM | total_cost:{2107456},total_time:{2096}
01/12 02:39:18 PM | 
01/12 02:39:18 PM | Parameters:
01/12 02:39:18 PM | FC1=4
01/12 02:39:18 PM | FC2=2
01/12 02:39:18 PM | FC3=2
01/12 02:39:18 PM | SYNC=False
01/12 02:39:18 PM | 
01/12 02:39:18 PM | model size: 0.026 KB
01/12 02:39:27 PM | Final best Prec = 94.3750%, Loss = 0.0000
01/12 02:39:27 PM | total_cost:{65088},total_time:{144}
01/12 02:39:27 PM | 
01/12 02:39:27 PM | Parameters:
01/12 02:39:27 PM | FC1=4
01/12 02:39:27 PM | FC2=2
01/12 02:39:27 PM | FC3=4
01/12 02:39:27 PM | SYNC=False
01/12 02:39:27 PM | 
01/12 02:39:28 PM | model size: 0.034 KB
01/12 02:39:36 PM | Final best Prec = 98.1250%, Loss = 0.0000
01/12 02:39:37 PM | total_cost:{80128},total_time:{176}
01/12 02:39:37 PM | 
01/12 02:39:37 PM | Parameters:
01/12 02:39:37 PM | FC1=4
01/12 02:39:37 PM | FC2=2
01/12 02:39:37 PM | FC3=8
01/12 02:39:37 PM | SYNC=False
01/12 02:39:37 PM | 
01/12 02:39:37 PM | model size: 0.050 KB
01/12 02:39:46 PM | Final best Prec = 98.1250%, Loss = 0.0000
01/12 02:39:46 PM | total_cost:{110208},total_time:{240}
01/12 02:39:46 PM | 
01/12 02:39:46 PM | Parameters:
01/12 02:39:46 PM | FC1=4
01/12 02:39:46 PM | FC2=2
01/12 02:39:46 PM | FC3=16
01/12 02:39:46 PM | SYNC=False
01/12 02:39:46 PM | 
01/12 02:39:46 PM | model size: 0.081 KB
01/12 02:39:55 PM | Final best Prec = 98.1250%, Loss = 0.0000
01/12 02:39:55 PM | total_cost:{170368},total_time:{368}
01/12 02:39:55 PM | 
01/12 02:39:55 PM | Parameters:
01/12 02:39:55 PM | FC1=4
01/12 02:39:55 PM | FC2=2
01/12 02:39:55 PM | FC3=32
01/12 02:39:55 PM | SYNC=False
01/12 02:39:55 PM | 
01/12 02:39:56 PM | model size: 0.144 KB
01/12 02:40:05 PM | Final best Prec = 98.1250%, Loss = 0.0000
01/12 02:40:05 PM | total_cost:{290688},total_time:{624}
01/12 02:40:05 PM | 
01/12 02:40:05 PM | Parameters:
01/12 02:40:05 PM | FC1=4
01/12 02:40:05 PM | FC2=2
01/12 02:40:05 PM | FC3=64
01/12 02:40:05 PM | SYNC=False
01/12 02:40:05 PM | 
01/12 02:40:06 PM | model size: 0.269 KB
01/12 02:40:15 PM | Final best Prec = 98.1250%, Loss = 0.0000
01/12 02:40:15 PM | total_cost:{531328},total_time:{1136}
01/12 02:40:15 PM | 
01/12 02:40:15 PM | Parameters:
01/12 02:40:15 PM | FC1=4
01/12 02:40:15 PM | FC2=4
01/12 02:40:15 PM | FC3=2
01/12 02:40:15 PM | SYNC=False
01/12 02:40:15 PM | 
01/12 02:40:16 PM | model size: 0.040 KB
01/12 02:40:25 PM | Final best Prec = 98.1250%, Loss = 0.0000
01/12 02:40:25 PM | total_cost:{81856},total_time:{176}
01/12 02:40:25 PM | 
01/12 02:40:25 PM | Parameters:
01/12 02:40:25 PM | FC1=4
01/12 02:40:25 PM | FC2=4
01/12 02:40:25 PM | FC3=4
01/12 02:40:25 PM | SYNC=False
01/12 02:40:25 PM | 
01/12 02:40:25 PM | model size: 0.052 KB
01/12 02:40:34 PM | Final best Prec = 98.1250%, Loss = 0.0000
01/12 02:40:34 PM | total_cost:{98048},total_time:{208}
01/12 02:40:34 PM | 
01/12 02:40:34 PM | Parameters:
01/12 02:40:34 PM | FC1=4
01/12 02:40:34 PM | FC2=4
01/12 02:40:34 PM | FC3=8
01/12 02:40:34 PM | SYNC=False
01/12 02:40:34 PM | 
01/12 02:40:35 PM | model size: 0.075 KB
01/12 02:40:44 PM | Final best Prec = 98.1250%, Loss = 0.0000
01/12 02:40:44 PM | total_cost:{130432},total_time:{272}
01/12 02:40:44 PM | 
01/12 02:40:44 PM | Parameters:
01/12 02:40:44 PM | FC1=4
01/12 02:40:44 PM | FC2=4
01/12 02:40:44 PM | FC3=16
01/12 02:40:44 PM | SYNC=False
01/12 02:40:44 PM | 
01/12 02:40:44 PM | model size: 0.122 KB
01/12 02:40:54 PM | Final best Prec = 98.1250%, Loss = 0.0000
01/12 02:40:54 PM | total_cost:{195200},total_time:{400}
01/12 02:40:54 PM | 
01/12 02:40:54 PM | Parameters:
01/12 02:40:54 PM | FC1=4
01/12 02:40:54 PM | FC2=4
01/12 02:40:54 PM | FC3=32
01/12 02:40:54 PM | SYNC=False
01/12 02:40:54 PM | 
01/12 02:40:54 PM | model size: 0.216 KB
01/12 02:41:04 PM | Final best Prec = 98.1250%, Loss = 0.0000
01/12 02:41:04 PM | total_cost:{324736},total_time:{656}
01/12 02:41:04 PM | 
01/12 02:41:04 PM | Parameters:
01/12 02:41:04 PM | FC1=4
01/12 02:41:04 PM | FC2=4
01/12 02:41:04 PM | FC3=64
01/12 02:41:04 PM | SYNC=False
01/12 02:41:04 PM | 
01/12 02:41:04 PM | model size: 0.403 KB
01/12 02:41:14 PM | Final best Prec = 98.1250%, Loss = 0.0000
01/12 02:41:14 PM | total_cost:{583808},total_time:{1168}
01/12 02:41:14 PM | 
01/12 02:41:14 PM | Parameters:
01/12 02:41:14 PM | FC1=4
01/12 02:41:14 PM | FC2=8
01/12 02:41:14 PM | FC3=2
01/12 02:41:14 PM | SYNC=False
01/12 02:41:14 PM | 
01/12 02:41:14 PM | model size: 0.067 KB
01/12 02:41:23 PM | Final best Prec = 98.1250%, Loss = 0.0000
01/12 02:41:23 PM | total_cost:{115392},total_time:{240}
01/12 02:41:23 PM | 
01/12 02:41:23 PM | Parameters:
01/12 02:41:23 PM | FC1=4
01/12 02:41:23 PM | FC2=8
01/12 02:41:23 PM | FC3=4
01/12 02:41:23 PM | SYNC=False
01/12 02:41:23 PM | 
01/12 02:41:24 PM | model size: 0.087 KB
01/12 02:41:33 PM | Final best Prec = 97.8125%, Loss = 0.0000
01/12 02:41:33 PM | total_cost:{133888},total_time:{272}
01/12 02:41:33 PM | 
01/12 02:41:33 PM | Parameters:
01/12 02:41:33 PM | FC1=4
01/12 02:41:33 PM | FC2=8
01/12 02:41:33 PM | FC3=8
01/12 02:41:33 PM | SYNC=False
01/12 02:41:33 PM | 
01/12 02:41:34 PM | model size: 0.126 KB
01/12 02:41:43 PM | Final best Prec = 98.1250%, Loss = 0.0000
01/12 02:41:43 PM | total_cost:{170880},total_time:{336}
01/12 02:41:43 PM | 
01/12 02:41:43 PM | Parameters:
01/12 02:41:43 PM | FC1=4
01/12 02:41:43 PM | FC2=8
01/12 02:41:43 PM | FC3=16
01/12 02:41:43 PM | SYNC=False
01/12 02:41:43 PM | 
01/12 02:41:44 PM | model size: 0.204 KB
01/12 02:41:53 PM | Final best Prec = 98.1250%, Loss = 0.0000
01/12 02:41:53 PM | total_cost:{244864},total_time:{464}
01/12 02:41:53 PM | 
01/12 02:41:53 PM | Parameters:
01/12 02:41:53 PM | FC1=4
01/12 02:41:53 PM | FC2=8
01/12 02:41:53 PM | FC3=32
01/12 02:41:53 PM | SYNC=False
01/12 02:41:53 PM | 
01/12 02:41:54 PM | model size: 0.360 KB
01/12 02:42:04 PM | Final best Prec = 98.1250%, Loss = 0.0000
01/12 02:42:04 PM | total_cost:{392832},total_time:{720}
01/12 02:42:04 PM | 
01/12 02:42:04 PM | Parameters:
01/12 02:42:04 PM | FC1=4
01/12 02:42:04 PM | FC2=8
01/12 02:42:04 PM | FC3=64
01/12 02:42:04 PM | SYNC=False
01/12 02:42:04 PM | 
01/12 02:42:04 PM | model size: 0.673 KB
01/12 02:42:14 PM | Final best Prec = 98.1250%, Loss = 0.0000
01/12 02:42:14 PM | total_cost:{688768},total_time:{1232}
01/12 02:42:14 PM | 
01/12 02:42:14 PM | Parameters:
01/12 02:42:14 PM | FC1=4
01/12 02:42:14 PM | FC2=16
01/12 02:42:14 PM | FC3=2
01/12 02:42:14 PM | SYNC=False
01/12 02:42:14 PM | 
01/12 02:42:14 PM | model size: 0.122 KB
01/12 02:42:24 PM | Final best Prec = 98.1250%, Loss = 0.0000
01/12 02:42:24 PM | total_cost:{182464},total_time:{368}
01/12 02:42:24 PM | 
01/12 02:42:24 PM | Parameters:
01/12 02:42:24 PM | FC1=4
01/12 02:42:24 PM | FC2=16
01/12 02:42:24 PM | FC3=4
01/12 02:42:24 PM | SYNC=False
01/12 02:42:24 PM | 
01/12 02:42:24 PM | model size: 0.157 KB
01/12 02:42:34 PM | Final best Prec = 98.1250%, Loss = 0.0000
01/12 02:42:34 PM | total_cost:{205568},total_time:{400}
01/12 02:42:34 PM | 
01/12 02:42:34 PM | Parameters:
01/12 02:42:34 PM | FC1=4
01/12 02:42:34 PM | FC2=16
01/12 02:42:34 PM | FC3=8
01/12 02:42:34 PM | SYNC=False
01/12 02:42:34 PM | 
01/12 02:42:35 PM | model size: 0.228 KB
01/12 02:42:44 PM | Final best Prec = 98.1250%, Loss = 0.0000
01/12 02:42:44 PM | total_cost:{251776},total_time:{464}
01/12 02:42:44 PM | 
01/12 02:42:44 PM | Parameters:
01/12 02:42:44 PM | FC1=4
01/12 02:42:44 PM | FC2=16
01/12 02:42:44 PM | FC3=16
01/12 02:42:44 PM | SYNC=False
01/12 02:42:44 PM | 
01/12 02:42:45 PM | model size: 0.368 KB
01/12 02:42:54 PM | Final best Prec = 98.1250%, Loss = 0.0000
01/12 02:42:54 PM | total_cost:{344192},total_time:{592}
01/12 02:42:54 PM | 
01/12 02:42:54 PM | Parameters:
01/12 02:42:54 PM | FC1=4
01/12 02:42:54 PM | FC2=16
01/12 02:42:54 PM | FC3=32
01/12 02:42:54 PM | SYNC=False
01/12 02:42:54 PM | 
01/12 02:42:55 PM | model size: 0.649 KB
01/12 02:43:05 PM | Final best Prec = 98.1250%, Loss = 0.0000
01/12 02:43:05 PM | total_cost:{529024},total_time:{848}
01/12 02:43:05 PM | 
01/12 02:43:05 PM | Parameters:
01/12 02:43:05 PM | FC1=4
01/12 02:43:05 PM | FC2=16
01/12 02:43:05 PM | FC3=64
01/12 02:43:05 PM | SYNC=False
01/12 02:43:05 PM | 
01/12 02:43:06 PM | model size: 1.212 KB
01/12 02:43:15 PM | Final best Prec = 98.1250%, Loss = 0.0000
01/12 02:43:15 PM | total_cost:{898688},total_time:{1360}
01/12 02:43:15 PM | 
01/12 02:43:15 PM | Parameters:
01/12 02:43:15 PM | FC1=4
01/12 02:43:15 PM | FC2=32
01/12 02:43:15 PM | FC3=2
01/12 02:43:15 PM | SYNC=False
01/12 02:43:15 PM | 
01/12 02:43:16 PM | model size: 0.231 KB
01/12 02:43:26 PM | Final best Prec = 98.1250%, Loss = 0.0000
01/12 02:43:26 PM | total_cost:{316608},total_time:{624}
01/12 02:43:26 PM | 
01/12 02:43:26 PM | Parameters:
01/12 02:43:26 PM | FC1=4
01/12 02:43:26 PM | FC2=32
01/12 02:43:26 PM | FC3=4
01/12 02:43:26 PM | SYNC=False
01/12 02:43:26 PM | 
01/12 02:43:26 PM | model size: 0.298 KB
01/12 02:43:36 PM | Final best Prec = 98.1250%, Loss = 0.0000
01/12 02:43:36 PM | total_cost:{348928},total_time:{656}
01/12 02:43:36 PM | 
01/12 02:43:36 PM | Parameters:
01/12 02:43:36 PM | FC1=4
01/12 02:43:36 PM | FC2=32
01/12 02:43:36 PM | FC3=8
01/12 02:43:36 PM | SYNC=False
01/12 02:43:36 PM | 
01/12 02:43:37 PM | model size: 0.431 KB
01/12 02:43:47 PM | Final best Prec = 98.1250%, Loss = 0.0000
01/12 02:43:47 PM | total_cost:{413568},total_time:{720}
01/12 02:43:47 PM | 
01/12 02:43:47 PM | Parameters:
01/12 02:43:47 PM | FC1=4
01/12 02:43:47 PM | FC2=32
01/12 02:43:47 PM | FC3=16
01/12 02:43:47 PM | SYNC=False
01/12 02:43:47 PM | 
01/12 02:43:47 PM | model size: 0.696 KB
01/12 02:43:58 PM | Final best Prec = 98.1250%, Loss = 0.0000
01/12 02:43:58 PM | total_cost:{542848},total_time:{848}
01/12 02:43:58 PM | 
01/12 02:43:58 PM | Parameters:
01/12 02:43:58 PM | FC1=4
01/12 02:43:58 PM | FC2=32
01/12 02:43:58 PM | FC3=32
01/12 02:43:58 PM | SYNC=False
01/12 02:43:58 PM | 
01/12 02:43:59 PM | model size: 1.228 KB
01/12 02:44:09 PM | Final best Prec = 98.1250%, Loss = 0.0000
01/12 02:44:09 PM | total_cost:{801408},total_time:{1104}
01/12 02:44:09 PM | 
01/12 02:44:09 PM | Parameters:
01/12 02:44:09 PM | FC1=4
01/12 02:44:09 PM | FC2=32
01/12 02:44:09 PM | FC3=64
01/12 02:44:09 PM | SYNC=False
01/12 02:44:09 PM | 
01/12 02:44:10 PM | model size: 2.290 KB
01/12 02:44:20 PM | Final best Prec = 98.1250%, Loss = 0.0000
01/12 02:44:20 PM | total_cost:{1318528},total_time:{1616}
01/12 02:44:20 PM | 
01/12 02:44:20 PM | Parameters:
01/12 02:44:20 PM | FC1=4
01/12 02:44:20 PM | FC2=64
01/12 02:44:20 PM | FC3=2
01/12 02:44:20 PM | SYNC=False
01/12 02:44:20 PM | 
01/12 02:44:20 PM | model size: 0.450 KB
01/12 02:44:30 PM | Final best Prec = 97.8125%, Loss = 0.0000
01/12 02:44:30 PM | total_cost:{584896},total_time:{1136}
01/12 02:44:30 PM | 
01/12 02:44:30 PM | Parameters:
01/12 02:44:30 PM | FC1=4
01/12 02:44:30 PM | FC2=64
01/12 02:44:30 PM | FC3=4
01/12 02:44:30 PM | SYNC=False
01/12 02:44:30 PM | 
01/12 02:44:31 PM | model size: 0.579 KB
01/12 02:44:41 PM | Final best Prec = 98.1250%, Loss = 0.0000
01/12 02:44:41 PM | total_cost:{635648},total_time:{1168}
01/12 02:44:41 PM | 
01/12 02:44:41 PM | Parameters:
01/12 02:44:41 PM | FC1=4
01/12 02:44:41 PM | FC2=64
01/12 02:44:41 PM | FC3=8
01/12 02:44:41 PM | SYNC=False
01/12 02:44:41 PM | 
01/12 02:44:42 PM | model size: 0.837 KB
01/12 02:44:52 PM | Final best Prec = 98.1250%, Loss = 0.0000
01/12 02:44:52 PM | total_cost:{737152},total_time:{1232}
01/12 02:44:52 PM | 
01/12 02:44:52 PM | Parameters:
01/12 02:44:52 PM | FC1=4
01/12 02:44:52 PM | FC2=64
01/12 02:44:52 PM | FC3=16
01/12 02:44:52 PM | SYNC=False
01/12 02:44:52 PM | 
01/12 02:44:53 PM | model size: 1.353 KB
01/12 02:45:03 PM | Final best Prec = 98.1250%, Loss = 0.0000
01/12 02:45:03 PM | total_cost:{940160},total_time:{1360}
01/12 02:45:03 PM | 
01/12 02:45:03 PM | Parameters:
01/12 02:45:03 PM | FC1=4
01/12 02:45:03 PM | FC2=64
01/12 02:45:03 PM | FC3=32
01/12 02:45:03 PM | SYNC=False
01/12 02:45:03 PM | 
01/12 02:45:04 PM | model size: 2.384 KB
01/12 02:45:14 PM | Final best Prec = 98.1250%, Loss = 0.0000
01/12 02:45:14 PM | total_cost:{1346176},total_time:{1616}
01/12 02:45:14 PM | 
01/12 02:45:14 PM | Parameters:
01/12 02:45:14 PM | FC1=4
01/12 02:45:14 PM | FC2=64
01/12 02:45:14 PM | FC3=64
01/12 02:45:14 PM | SYNC=False
01/12 02:45:14 PM | 
01/12 02:45:16 PM | model size: 4.446 KB
01/12 02:45:26 PM | Final best Prec = 98.1250%, Loss = 0.0000
01/12 02:45:26 PM | total_cost:{2158208},total_time:{2128}
01/12 02:45:26 PM | 
01/12 02:45:26 PM | Parameters:
01/12 02:45:26 PM | FC1=8
01/12 02:45:26 PM | FC2=2
01/12 02:45:26 PM | FC3=2
01/12 02:45:26 PM | SYNC=False
01/12 02:45:26 PM | 
01/12 02:45:26 PM | model size: 0.042 KB
01/12 02:45:36 PM | Final best Prec = 94.3750%, Loss = 0.0000
01/12 02:45:36 PM | total_cost:{95168},total_time:{208}
01/12 02:45:36 PM | 
01/12 02:45:36 PM | Parameters:
01/12 02:45:36 PM | FC1=8
01/12 02:45:36 PM | FC2=2
01/12 02:45:36 PM | FC3=4
01/12 02:45:36 PM | SYNC=False
01/12 02:45:36 PM | 
01/12 02:45:36 PM | model size: 0.050 KB
01/12 02:45:47 PM | Final best Prec = 94.3750%, Loss = 0.0000
01/12 02:45:47 PM | total_cost:{110208},total_time:{240}
01/12 02:45:47 PM | 
01/12 02:45:47 PM | Parameters:
01/12 02:45:47 PM | FC1=8
01/12 02:45:47 PM | FC2=2
01/12 02:45:47 PM | FC3=8
01/12 02:45:47 PM | SYNC=False
01/12 02:45:47 PM | 
01/12 02:45:47 PM | model size: 0.065 KB
01/12 02:45:57 PM | Final best Prec = 98.1250%, Loss = 0.0000
01/12 02:45:57 PM | total_cost:{140288},total_time:{304}
01/12 02:45:57 PM | 
01/12 02:45:57 PM | Parameters:
01/12 02:45:57 PM | FC1=8
01/12 02:45:57 PM | FC2=2
01/12 02:45:57 PM | FC3=16
01/12 02:45:57 PM | SYNC=False
01/12 02:45:57 PM | 
01/12 02:45:58 PM | model size: 0.097 KB
01/12 02:46:08 PM | Final best Prec = 98.1250%, Loss = 0.0000
01/12 02:46:08 PM | total_cost:{200448},total_time:{432}
01/12 02:46:08 PM | 
01/12 02:46:08 PM | Parameters:
01/12 02:46:08 PM | FC1=8
01/12 02:46:08 PM | FC2=2
01/12 02:46:08 PM | FC3=32
01/12 02:46:08 PM | SYNC=False
01/12 02:46:08 PM | 
01/12 02:46:09 PM | model size: 0.159 KB
01/12 02:46:19 PM | Final best Prec = 95.9375%, Loss = 0.0000
01/12 02:46:19 PM | total_cost:{320768},total_time:{688}
01/12 02:46:19 PM | 
01/12 02:46:19 PM | Parameters:
01/12 02:46:19 PM | FC1=8
01/12 02:46:19 PM | FC2=2
01/12 02:46:19 PM | FC3=64
01/12 02:46:19 PM | SYNC=False
01/12 02:46:19 PM | 
01/12 02:46:20 PM | model size: 0.284 KB
01/12 02:46:31 PM | Final best Prec = 98.1250%, Loss = 0.0000
01/12 02:46:31 PM | total_cost:{561408},total_time:{1200}
01/12 02:46:31 PM | 
01/12 02:46:31 PM | Parameters:
01/12 02:46:31 PM | FC1=8
01/12 02:46:31 PM | FC2=4
01/12 02:46:31 PM | FC3=2
01/12 02:46:31 PM | SYNC=False
01/12 02:46:31 PM | 
01/12 02:46:31 PM | model size: 0.063 KB
01/12 02:46:41 PM | Final best Prec = 98.1250%, Loss = 0.0000
01/12 02:46:41 PM | total_cost:{114240},total_time:{240}
01/12 02:46:41 PM | 
01/12 02:46:41 PM | Parameters:
01/12 02:46:41 PM | FC1=8
01/12 02:46:41 PM | FC2=4
01/12 02:46:41 PM | FC3=4
01/12 02:46:41 PM | SYNC=False
01/12 02:46:41 PM | 
01/12 02:46:42 PM | model size: 0.075 KB
01/12 02:46:52 PM | Final best Prec = 98.1250%, Loss = 0.0000
01/12 02:46:52 PM | total_cost:{130432},total_time:{272}
01/12 02:46:52 PM | 
01/12 02:46:52 PM | Parameters:
01/12 02:46:52 PM | FC1=8
01/12 02:46:52 PM | FC2=4
01/12 02:46:52 PM | FC3=8
01/12 02:46:52 PM | SYNC=False
01/12 02:46:52 PM | 
01/12 02:46:53 PM | model size: 0.099 KB
01/12 02:47:03 PM | Final best Prec = 98.1250%, Loss = 0.0000
01/12 02:47:03 PM | total_cost:{162816},total_time:{336}
01/12 02:47:03 PM | 
01/12 02:47:03 PM | Parameters:
01/12 02:47:03 PM | FC1=8
01/12 02:47:03 PM | FC2=4
01/12 02:47:03 PM | FC3=16
01/12 02:47:03 PM | SYNC=False
01/12 02:47:03 PM | 
01/12 02:47:03 PM | model size: 0.146 KB
01/12 02:47:14 PM | Final best Prec = 97.8125%, Loss = 0.0000
01/12 02:47:14 PM | total_cost:{227584},total_time:{464}
01/12 02:47:14 PM | 
01/12 02:47:14 PM | Parameters:
01/12 02:47:14 PM | FC1=8
01/12 02:47:14 PM | FC2=4
01/12 02:47:14 PM | FC3=32
01/12 02:47:14 PM | SYNC=False
01/12 02:47:14 PM | 
01/12 02:47:14 PM | model size: 0.239 KB
01/12 02:47:25 PM | Final best Prec = 98.1250%, Loss = 0.0000
01/12 02:47:25 PM | total_cost:{357120},total_time:{720}
01/12 02:47:25 PM | 
01/12 02:47:25 PM | Parameters:
01/12 02:47:25 PM | FC1=8
01/12 02:47:25 PM | FC2=4
01/12 02:47:25 PM | FC3=64
01/12 02:47:25 PM | SYNC=False
01/12 02:47:25 PM | 
01/12 02:47:25 PM | model size: 0.427 KB
01/12 02:47:36 PM | Final best Prec = 98.1250%, Loss = 0.0000
01/12 02:47:36 PM | total_cost:{616192},total_time:{1232}
01/12 02:47:36 PM | 
01/12 02:47:36 PM | Parameters:
01/12 02:47:36 PM | FC1=8
01/12 02:47:36 PM | FC2=8
01/12 02:47:36 PM | FC3=2
01/12 02:47:36 PM | SYNC=False
01/12 02:47:36 PM | 
01/12 02:47:36 PM | model size: 0.106 KB
01/12 02:47:47 PM | Final best Prec = 94.3750%, Loss = 0.0000
01/12 02:47:47 PM | total_cost:{152384},total_time:{304}
01/12 02:47:47 PM | 
01/12 02:47:47 PM | Parameters:
01/12 02:47:47 PM | FC1=8
01/12 02:47:47 PM | FC2=8
01/12 02:47:47 PM | FC3=4
01/12 02:47:47 PM | SYNC=False
01/12 02:47:47 PM | 
01/12 02:47:47 PM | model size: 0.126 KB
01/12 02:47:58 PM | Final best Prec = 98.1250%, Loss = 0.0000
01/12 02:47:58 PM | total_cost:{170880},total_time:{336}
01/12 02:47:58 PM | 
01/12 02:47:58 PM | Parameters:
01/12 02:47:58 PM | FC1=8
01/12 02:47:58 PM | FC2=8
01/12 02:47:58 PM | FC3=8
01/12 02:47:58 PM | SYNC=False
01/12 02:47:58 PM | 
01/12 02:47:58 PM | model size: 0.165 KB
01/12 02:48:09 PM | Final best Prec = 98.1250%, Loss = 0.0000
01/12 02:48:09 PM | total_cost:{207872},total_time:{400}
01/12 02:48:09 PM | 
01/12 02:48:09 PM | Parameters:
01/12 02:48:09 PM | FC1=8
01/12 02:48:09 PM | FC2=8
01/12 02:48:09 PM | FC3=16
01/12 02:48:09 PM | SYNC=False
01/12 02:48:09 PM | 
01/12 02:48:09 PM | model size: 0.243 KB
01/12 02:48:20 PM | Final best Prec = 98.1250%, Loss = 0.0000
01/12 02:48:20 PM | total_cost:{281856},total_time:{528}
01/12 02:48:20 PM | 
01/12 02:48:20 PM | Parameters:
01/12 02:48:20 PM | FC1=8
01/12 02:48:20 PM | FC2=8
01/12 02:48:20 PM | FC3=32
01/12 02:48:20 PM | SYNC=False
01/12 02:48:20 PM | 
01/12 02:48:21 PM | model size: 0.399 KB
01/12 02:48:31 PM | Final best Prec = 97.5000%, Loss = 0.0000
01/12 02:48:31 PM | total_cost:{429824},total_time:{784}
01/12 02:48:31 PM | 
01/12 02:48:31 PM | Parameters:
01/12 02:48:31 PM | FC1=8
01/12 02:48:31 PM | FC2=8
01/12 02:48:31 PM | FC3=64
01/12 02:48:31 PM | SYNC=False
01/12 02:48:31 PM | 
01/12 02:48:32 PM | model size: 0.712 KB
01/12 02:48:43 PM | Final best Prec = 98.1250%, Loss = 0.0000
01/12 02:48:43 PM | total_cost:{725760},total_time:{1296}
01/12 02:48:43 PM | 
01/12 02:48:43 PM | Parameters:
01/12 02:48:43 PM | FC1=8
01/12 02:48:43 PM | FC2=16
01/12 02:48:43 PM | FC3=2
01/12 02:48:43 PM | SYNC=False
01/12 02:48:43 PM | 
01/12 02:48:43 PM | model size: 0.192 KB
01/12 02:48:54 PM | Final best Prec = 98.1250%, Loss = 0.0000
01/12 02:48:54 PM | total_cost:{228672},total_time:{432}
01/12 02:48:54 PM | 
01/12 02:48:54 PM | Parameters:
01/12 02:48:54 PM | FC1=8
01/12 02:48:54 PM | FC2=16
01/12 02:48:54 PM | FC3=4
01/12 02:48:54 PM | SYNC=False
01/12 02:48:54 PM | 
01/12 02:48:55 PM | model size: 0.228 KB
01/12 02:49:06 PM | Final best Prec = 98.1250%, Loss = 0.0000
01/12 02:49:06 PM | total_cost:{251776},total_time:{464}
01/12 02:49:06 PM | 
01/12 02:49:06 PM | Parameters:
01/12 02:49:06 PM | FC1=8
01/12 02:49:06 PM | FC2=16
01/12 02:49:06 PM | FC3=8
01/12 02:49:06 PM | SYNC=False
01/12 02:49:06 PM | 
01/12 02:49:07 PM | model size: 0.298 KB
01/12 02:49:18 PM | Final best Prec = 98.1250%, Loss = 0.0000
01/12 02:49:18 PM | total_cost:{297984},total_time:{528}
01/12 02:49:18 PM | 
01/12 02:49:18 PM | Parameters:
01/12 02:49:18 PM | FC1=8
01/12 02:49:18 PM | FC2=16
01/12 02:49:18 PM | FC3=16
01/12 02:49:18 PM | SYNC=False
01/12 02:49:18 PM | 
01/12 02:49:19 PM | model size: 0.438 KB
01/12 02:49:30 PM | Final best Prec = 98.1250%, Loss = 0.0000
01/12 02:49:30 PM | total_cost:{390400},total_time:{656}
01/12 02:49:30 PM | 
01/12 02:49:30 PM | Parameters:
01/12 02:49:30 PM | FC1=8
01/12 02:49:30 PM | FC2=16
01/12 02:49:30 PM | FC3=32
01/12 02:49:30 PM | SYNC=False
01/12 02:49:30 PM | 
01/12 02:49:30 PM | model size: 0.720 KB
01/12 02:49:41 PM | Final best Prec = 98.1250%, Loss = 0.0000
01/12 02:49:41 PM | total_cost:{575232},total_time:{912}
01/12 02:49:41 PM | 
01/12 02:49:41 PM | Parameters:
01/12 02:49:41 PM | FC1=8
01/12 02:49:41 PM | FC2=16
01/12 02:49:41 PM | FC3=64
01/12 02:49:41 PM | SYNC=False
01/12 02:49:41 PM | 
01/12 02:49:43 PM | model size: 1.282 KB
01/12 02:49:53 PM | Final best Prec = 98.1250%, Loss = 0.0000
01/12 02:49:53 PM | total_cost:{944896},total_time:{1424}
01/12 02:49:53 PM | 
01/12 02:49:53 PM | Parameters:
01/12 02:49:53 PM | FC1=8
01/12 02:49:53 PM | FC2=32
01/12 02:49:53 PM | FC3=2
01/12 02:49:53 PM | SYNC=False
01/12 02:49:53 PM | 
01/12 02:49:54 PM | model size: 0.364 KB
01/12 02:50:05 PM | Final best Prec = 98.1250%, Loss = 0.0000
01/12 02:50:05 PM | total_cost:{381248},total_time:{688}
01/12 02:50:05 PM | 
01/12 02:50:05 PM | Parameters:
01/12 02:50:05 PM | FC1=8
01/12 02:50:05 PM | FC2=32
01/12 02:50:05 PM | FC3=4
01/12 02:50:05 PM | SYNC=False
01/12 02:50:05 PM | 
01/12 02:50:06 PM | model size: 0.431 KB
01/12 02:50:17 PM | Final best Prec = 98.1250%, Loss = 0.0000
01/12 02:50:17 PM | total_cost:{413568},total_time:{720}
01/12 02:50:17 PM | 
01/12 02:50:17 PM | Parameters:
01/12 02:50:17 PM | FC1=8
01/12 02:50:17 PM | FC2=32
01/12 02:50:17 PM | FC3=8
01/12 02:50:17 PM | SYNC=False
01/12 02:50:17 PM | 
01/12 02:50:18 PM | model size: 0.563 KB
01/12 02:50:29 PM | Final best Prec = 98.1250%, Loss = 0.0000
01/12 02:50:29 PM | total_cost:{478208},total_time:{784}
01/12 02:50:29 PM | 
01/12 02:50:29 PM | Parameters:
01/12 02:50:29 PM | FC1=8
01/12 02:50:29 PM | FC2=32
01/12 02:50:29 PM | FC3=16
01/12 02:50:29 PM | SYNC=False
01/12 02:50:29 PM | 
01/12 02:50:29 PM | model size: 0.829 KB
01/12 02:50:40 PM | Final best Prec = 98.1250%, Loss = 0.0000
01/12 02:50:40 PM | total_cost:{607488},total_time:{912}
01/12 02:50:40 PM | 
01/12 02:50:40 PM | Parameters:
01/12 02:50:40 PM | FC1=8
01/12 02:50:40 PM | FC2=32
01/12 02:50:40 PM | FC3=32
01/12 02:50:40 PM | SYNC=False
01/12 02:50:40 PM | 
01/12 02:50:41 PM | model size: 1.360 KB
01/12 02:50:53 PM | Final best Prec = 98.1250%, Loss = 0.0000
01/12 02:50:53 PM | total_cost:{866048},total_time:{1168}
01/12 02:50:53 PM | 
01/12 02:50:53 PM | Parameters:
01/12 02:50:53 PM | FC1=8
01/12 02:50:53 PM | FC2=32
01/12 02:50:53 PM | FC3=64
01/12 02:50:53 PM | SYNC=False
01/12 02:50:53 PM | 
01/12 02:50:54 PM | model size: 2.423 KB
01/12 02:51:05 PM | Final best Prec = 98.1250%, Loss = 0.0000
01/12 02:51:05 PM | total_cost:{1383168},total_time:{1680}
01/12 02:51:05 PM | 
01/12 02:51:05 PM | Parameters:
01/12 02:51:05 PM | FC1=8
01/12 02:51:05 PM | FC2=64
01/12 02:51:05 PM | FC3=2
01/12 02:51:05 PM | SYNC=False
01/12 02:51:05 PM | 
01/12 02:51:06 PM | model size: 0.708 KB
01/12 02:51:17 PM | Final best Prec = 98.1250%, Loss = 0.0000
01/12 02:51:17 PM | total_cost:{686400},total_time:{1200}
01/12 02:51:17 PM | 
01/12 02:51:17 PM | Parameters:
01/12 02:51:17 PM | FC1=8
01/12 02:51:17 PM | FC2=64
01/12 02:51:17 PM | FC3=4
01/12 02:51:17 PM | SYNC=False
01/12 02:51:17 PM | 
01/12 02:51:18 PM | model size: 0.837 KB
01/12 02:51:29 PM | Final best Prec = 98.1250%, Loss = 0.0000
01/12 02:51:29 PM | total_cost:{737152},total_time:{1232}
01/12 02:51:29 PM | 
01/12 02:51:29 PM | Parameters:
01/12 02:51:29 PM | FC1=8
01/12 02:51:29 PM | FC2=64
01/12 02:51:29 PM | FC3=8
01/12 02:51:29 PM | SYNC=False
01/12 02:51:29 PM | 
01/12 02:51:30 PM | model size: 1.095 KB
01/12 02:51:41 PM | Final best Prec = 98.1250%, Loss = 0.0000
01/12 02:51:41 PM | total_cost:{838656},total_time:{1296}
01/12 02:51:41 PM | 
01/12 02:51:41 PM | Parameters:
01/12 02:51:41 PM | FC1=8
01/12 02:51:41 PM | FC2=64
01/12 02:51:41 PM | FC3=16
01/12 02:51:41 PM | SYNC=False
01/12 02:51:41 PM | 
01/12 02:51:42 PM | model size: 1.610 KB
01/12 02:51:54 PM | Final best Prec = 98.1250%, Loss = 0.0000
01/12 02:51:54 PM | total_cost:{1041664},total_time:{1424}
01/12 02:51:54 PM | 
01/12 02:51:54 PM | Parameters:
01/12 02:51:54 PM | FC1=8
01/12 02:51:54 PM | FC2=64
01/12 02:51:54 PM | FC3=32
01/12 02:51:54 PM | SYNC=False
01/12 02:51:54 PM | 
01/12 02:51:55 PM | model size: 2.642 KB
01/12 02:52:07 PM | Final best Prec = 98.1250%, Loss = 0.0000
01/12 02:52:07 PM | total_cost:{1447680},total_time:{1680}
01/12 02:52:07 PM | 
01/12 02:52:07 PM | Parameters:
01/12 02:52:07 PM | FC1=8
01/12 02:52:07 PM | FC2=64
01/12 02:52:07 PM | FC3=64
01/12 02:52:07 PM | SYNC=False
01/12 02:52:07 PM | 
01/12 02:52:08 PM | model size: 4.704 KB
01/12 02:52:20 PM | Final best Prec = 98.1250%, Loss = 0.0000
01/12 02:52:20 PM | total_cost:{2259712},total_time:{2192}
01/12 02:52:20 PM | 
01/12 02:52:20 PM | Parameters:
01/12 02:52:20 PM | FC1=16
01/12 02:52:20 PM | FC2=2
01/12 02:52:20 PM | FC3=2
01/12 02:52:20 PM | SYNC=False
01/12 02:52:20 PM | 
01/12 02:52:20 PM | model size: 0.073 KB
01/12 02:52:31 PM | Final best Prec = 98.1250%, Loss = 0.0000
01/12 02:52:31 PM | total_cost:{155328},total_time:{336}
01/12 02:52:32 PM | 
01/12 02:52:32 PM | Parameters:
01/12 02:52:32 PM | FC1=16
01/12 02:52:32 PM | FC2=2
01/12 02:52:32 PM | FC3=4
01/12 02:52:32 PM | SYNC=False
01/12 02:52:32 PM | 
01/12 02:52:32 PM | model size: 0.081 KB
01/12 02:52:44 PM | Final best Prec = 98.1250%, Loss = 0.0000
01/12 02:52:44 PM | total_cost:{170368},total_time:{368}
01/12 02:52:44 PM | 
01/12 02:52:44 PM | Parameters:
01/12 02:52:44 PM | FC1=16
01/12 02:52:44 PM | FC2=2
01/12 02:52:44 PM | FC3=8
01/12 02:52:44 PM | SYNC=False
01/12 02:52:44 PM | 
01/12 02:52:44 PM | model size: 0.097 KB
01/12 02:52:56 PM | Final best Prec = 98.1250%, Loss = 0.0000
01/12 02:52:56 PM | total_cost:{200448},total_time:{432}
01/12 02:52:56 PM | 
01/12 02:52:56 PM | Parameters:
01/12 02:52:56 PM | FC1=16
01/12 02:52:56 PM | FC2=2
01/12 02:52:56 PM | FC3=16
01/12 02:52:56 PM | SYNC=False
01/12 02:52:56 PM | 
01/12 02:52:56 PM | model size: 0.128 KB
01/12 02:53:08 PM | Final best Prec = 98.1250%, Loss = 0.0000
01/12 02:53:08 PM | total_cost:{260608},total_time:{560}
01/12 02:53:08 PM | 
01/12 02:53:08 PM | Parameters:
01/12 02:53:08 PM | FC1=16
01/12 02:53:08 PM | FC2=2
01/12 02:53:08 PM | FC3=32
01/12 02:53:08 PM | SYNC=False
01/12 02:53:08 PM | 
01/12 02:53:09 PM | model size: 0.190 KB
01/12 02:53:20 PM | Final best Prec = 98.1250%, Loss = 0.0000
01/12 02:53:20 PM | total_cost:{380928},total_time:{816}
01/12 02:53:20 PM | 
01/12 02:53:20 PM | Parameters:
01/12 02:53:20 PM | FC1=16
01/12 02:53:20 PM | FC2=2
01/12 02:53:20 PM | FC3=64
01/12 02:53:20 PM | SYNC=False
01/12 02:53:20 PM | 
01/12 02:53:21 PM | model size: 0.315 KB
01/12 02:53:33 PM | Final best Prec = 98.1250%, Loss = 0.0000
01/12 02:53:33 PM | total_cost:{621568},total_time:{1328}
01/12 02:53:33 PM | 
01/12 02:53:33 PM | Parameters:
01/12 02:53:33 PM | FC1=16
01/12 02:53:33 PM | FC2=4
01/12 02:53:33 PM | FC3=2
01/12 02:53:33 PM | SYNC=False
01/12 02:53:33 PM | 
01/12 02:53:33 PM | model size: 0.110 KB
01/12 02:53:45 PM | Final best Prec = 98.1250%, Loss = 0.0000
01/12 02:53:45 PM | total_cost:{179008},total_time:{368}
01/12 02:53:45 PM | 
01/12 02:53:45 PM | Parameters:
01/12 02:53:45 PM | FC1=16
01/12 02:53:45 PM | FC2=4
01/12 02:53:45 PM | FC3=4
01/12 02:53:45 PM | SYNC=False
01/12 02:53:45 PM | 
01/12 02:53:45 PM | model size: 0.122 KB
01/12 02:53:57 PM | Final best Prec = 97.8125%, Loss = 0.0000
01/12 02:53:57 PM | total_cost:{195200},total_time:{400}
01/12 02:53:57 PM | 
01/12 02:53:57 PM | Parameters:
01/12 02:53:57 PM | FC1=16
01/12 02:53:57 PM | FC2=4
01/12 02:53:57 PM | FC3=8
01/12 02:53:57 PM | SYNC=False
01/12 02:53:57 PM | 
01/12 02:53:58 PM | model size: 0.146 KB
01/12 02:54:10 PM | Final best Prec = 98.1250%, Loss = 0.0000
01/12 02:54:10 PM | total_cost:{227584},total_time:{464}
01/12 02:54:10 PM | 
01/12 02:54:10 PM | Parameters:
01/12 02:54:10 PM | FC1=16
01/12 02:54:10 PM | FC2=4
01/12 02:54:10 PM | FC3=16
01/12 02:54:10 PM | SYNC=False
01/12 02:54:10 PM | 
01/12 02:54:10 PM | model size: 0.192 KB
01/12 02:54:22 PM | Final best Prec = 98.1250%, Loss = 0.0000
01/12 02:54:22 PM | total_cost:{292352},total_time:{592}
01/12 02:54:22 PM | 
01/12 02:54:22 PM | Parameters:
01/12 02:54:22 PM | FC1=16
01/12 02:54:22 PM | FC2=4
01/12 02:54:22 PM | FC3=32
01/12 02:54:22 PM | SYNC=False
01/12 02:54:22 PM | 
01/12 02:54:23 PM | model size: 0.286 KB
01/12 02:54:35 PM | Final best Prec = 98.1250%, Loss = 0.0000
01/12 02:54:35 PM | total_cost:{421888},total_time:{848}
01/12 02:54:35 PM | 
01/12 02:54:35 PM | Parameters:
01/12 02:54:35 PM | FC1=16
01/12 02:54:35 PM | FC2=4
01/12 02:54:35 PM | FC3=64
01/12 02:54:35 PM | SYNC=False
01/12 02:54:35 PM | 
01/12 02:54:36 PM | model size: 0.474 KB
01/12 02:54:48 PM | Final best Prec = 98.1250%, Loss = 0.0000
01/12 02:54:48 PM | total_cost:{680960},total_time:{1360}
01/12 02:54:48 PM | 
01/12 02:54:48 PM | Parameters:
01/12 02:54:48 PM | FC1=16
01/12 02:54:48 PM | FC2=8
01/12 02:54:48 PM | FC3=2
01/12 02:54:48 PM | SYNC=False
01/12 02:54:48 PM | 
01/12 02:54:48 PM | model size: 0.185 KB
01/12 02:55:00 PM | Final best Prec = 98.1250%, Loss = 0.0000
01/12 02:55:00 PM | total_cost:{226368},total_time:{432}
01/12 02:55:00 PM | 
01/12 02:55:00 PM | Parameters:
01/12 02:55:00 PM | FC1=16
01/12 02:55:00 PM | FC2=8
01/12 02:55:00 PM | FC3=4
01/12 02:55:00 PM | SYNC=False
01/12 02:55:00 PM | 
01/12 02:55:00 PM | model size: 0.204 KB
01/12 02:55:12 PM | Final best Prec = 98.1250%, Loss = 0.0000
01/12 02:55:12 PM | total_cost:{244864},total_time:{464}
01/12 02:55:12 PM | 
01/12 02:55:12 PM | Parameters:
01/12 02:55:12 PM | FC1=16
01/12 02:55:12 PM | FC2=8
01/12 02:55:12 PM | FC3=8
01/12 02:55:12 PM | SYNC=False
01/12 02:55:12 PM | 
01/12 02:55:13 PM | model size: 0.243 KB
01/12 02:55:25 PM | Final best Prec = 98.1250%, Loss = 0.0000
01/12 02:55:25 PM | total_cost:{281856},total_time:{528}
01/12 02:55:25 PM | 
01/12 02:55:25 PM | Parameters:
01/12 02:55:25 PM | FC1=16
01/12 02:55:25 PM | FC2=8
01/12 02:55:25 PM | FC3=16
01/12 02:55:25 PM | SYNC=False
01/12 02:55:25 PM | 
01/12 02:55:26 PM | model size: 0.321 KB
01/12 02:55:38 PM | Final best Prec = 98.1250%, Loss = 0.0000
01/12 02:55:38 PM | total_cost:{355840},total_time:{656}
01/12 02:55:38 PM | 
01/12 02:55:38 PM | Parameters:
01/12 02:55:38 PM | FC1=16
01/12 02:55:38 PM | FC2=8
01/12 02:55:38 PM | FC3=32
01/12 02:55:38 PM | SYNC=False
01/12 02:55:38 PM | 
01/12 02:55:39 PM | model size: 0.478 KB
01/12 02:55:51 PM | Final best Prec = 97.8125%, Loss = 0.0000
01/12 02:55:51 PM | total_cost:{503808},total_time:{912}
01/12 02:55:51 PM | 
01/12 02:55:51 PM | Parameters:
01/12 02:55:51 PM | FC1=16
01/12 02:55:51 PM | FC2=8
01/12 02:55:51 PM | FC3=64
01/12 02:55:51 PM | SYNC=False
01/12 02:55:51 PM | 
01/12 02:55:52 PM | model size: 0.790 KB
01/12 02:56:04 PM | Final best Prec = 98.1250%, Loss = 0.0000
01/12 02:56:04 PM | total_cost:{799744},total_time:{1424}
01/12 02:56:04 PM | 
01/12 02:56:04 PM | Parameters:
01/12 02:56:04 PM | FC1=16
01/12 02:56:04 PM | FC2=16
01/12 02:56:04 PM | FC3=2
01/12 02:56:04 PM | SYNC=False
01/12 02:56:04 PM | 
01/12 02:56:05 PM | model size: 0.333 KB
01/12 02:56:17 PM | Final best Prec = 98.1250%, Loss = 0.0000
01/12 02:56:17 PM | total_cost:{321088},total_time:{560}
01/12 02:56:17 PM | 
01/12 02:56:17 PM | Parameters:
01/12 02:56:17 PM | FC1=16
01/12 02:56:17 PM | FC2=16
01/12 02:56:17 PM | FC3=4
01/12 02:56:17 PM | SYNC=False
01/12 02:56:17 PM | 
01/12 02:56:18 PM | model size: 0.368 KB
01/12 02:56:30 PM | Final best Prec = 98.1250%, Loss = 0.0000
01/12 02:56:30 PM | total_cost:{344192},total_time:{592}
01/12 02:56:30 PM | 
01/12 02:56:30 PM | Parameters:
01/12 02:56:30 PM | FC1=16
01/12 02:56:30 PM | FC2=16
01/12 02:56:30 PM | FC3=8
01/12 02:56:30 PM | SYNC=False
01/12 02:56:30 PM | 
01/12 02:56:31 PM | model size: 0.438 KB
01/12 02:56:43 PM | Final best Prec = 96.2500%, Loss = 0.0000
01/12 02:56:43 PM | total_cost:{390400},total_time:{656}
01/12 02:56:43 PM | 
01/12 02:56:43 PM | Parameters:
01/12 02:56:43 PM | FC1=16
01/12 02:56:43 PM | FC2=16
01/12 02:56:43 PM | FC3=16
01/12 02:56:43 PM | SYNC=False
01/12 02:56:43 PM | 
01/12 02:56:44 PM | model size: 0.579 KB
01/12 02:56:56 PM | Final best Prec = 98.1250%, Loss = 0.0000
01/12 02:56:56 PM | total_cost:{482816},total_time:{784}
01/12 02:56:56 PM | 
01/12 02:56:56 PM | Parameters:
01/12 02:56:56 PM | FC1=16
01/12 02:56:56 PM | FC2=16
01/12 02:56:56 PM | FC3=32
01/12 02:56:56 PM | SYNC=False
01/12 02:56:56 PM | 
01/12 02:56:57 PM | model size: 0.860 KB
01/12 02:57:09 PM | Final best Prec = 98.1250%, Loss = 0.0000
01/12 02:57:09 PM | total_cost:{667648},total_time:{1040}
01/12 02:57:09 PM | 
01/12 02:57:09 PM | Parameters:
01/12 02:57:09 PM | FC1=16
01/12 02:57:09 PM | FC2=16
01/12 02:57:09 PM | FC3=64
01/12 02:57:09 PM | SYNC=False
01/12 02:57:09 PM | 
01/12 02:57:10 PM | model size: 1.423 KB
01/12 02:57:23 PM | Final best Prec = 98.1250%, Loss = 0.0000
01/12 02:57:23 PM | total_cost:{1037312},total_time:{1552}
01/12 02:57:23 PM | 
01/12 02:57:23 PM | Parameters:
01/12 02:57:23 PM | FC1=16
01/12 02:57:23 PM | FC2=32
01/12 02:57:23 PM | FC3=2
01/12 02:57:23 PM | SYNC=False
01/12 02:57:23 PM | 
01/12 02:57:24 PM | model size: 0.630 KB
01/12 02:57:36 PM | Final best Prec = 98.1250%, Loss = 0.0000
01/12 02:57:36 PM | total_cost:{510528},total_time:{816}
01/12 02:57:36 PM | 
01/12 02:57:36 PM | Parameters:
01/12 02:57:36 PM | FC1=16
01/12 02:57:36 PM | FC2=32
01/12 02:57:36 PM | FC3=4
01/12 02:57:36 PM | SYNC=False
01/12 02:57:36 PM | 
01/12 02:57:37 PM | model size: 0.696 KB
01/12 02:57:49 PM | Final best Prec = 98.1250%, Loss = 0.0000
01/12 02:57:49 PM | total_cost:{542848},total_time:{848}
01/12 02:57:49 PM | 
01/12 02:57:49 PM | Parameters:
01/12 02:57:49 PM | FC1=16
01/12 02:57:49 PM | FC2=32
01/12 02:57:49 PM | FC3=8
01/12 02:57:49 PM | SYNC=False
01/12 02:57:49 PM | 
01/12 02:57:50 PM | model size: 0.829 KB
01/12 02:58:02 PM | Final best Prec = 98.1250%, Loss = 0.0000
01/12 02:58:02 PM | total_cost:{607488},total_time:{912}
01/12 02:58:02 PM | 
01/12 02:58:02 PM | Parameters:
01/12 02:58:02 PM | FC1=16
01/12 02:58:02 PM | FC2=32
01/12 02:58:02 PM | FC3=16
01/12 02:58:02 PM | SYNC=False
01/12 02:58:02 PM | 
01/12 02:58:03 PM | model size: 1.095 KB
01/12 02:58:16 PM | Final best Prec = 98.1250%, Loss = 0.0000
01/12 02:58:16 PM | total_cost:{736768},total_time:{1040}
01/12 02:58:16 PM | 
01/12 02:58:16 PM | Parameters:
01/12 02:58:16 PM | FC1=16
01/12 02:58:16 PM | FC2=32
01/12 02:58:16 PM | FC3=32
01/12 02:58:16 PM | SYNC=False
01/12 02:58:16 PM | 
01/12 02:58:17 PM | model size: 1.626 KB
01/12 02:58:29 PM | Final best Prec = 97.8125%, Loss = 0.0000
01/12 02:58:29 PM | total_cost:{995328},total_time:{1296}
01/12 02:58:29 PM | 
01/12 02:58:29 PM | Parameters:
01/12 02:58:29 PM | FC1=16
01/12 02:58:29 PM | FC2=32
01/12 02:58:29 PM | FC3=64
01/12 02:58:29 PM | SYNC=False
01/12 02:58:29 PM | 
01/12 02:58:31 PM | model size: 2.688 KB
01/12 02:58:43 PM | Final best Prec = 98.1250%, Loss = 0.0000
01/12 02:58:43 PM | total_cost:{1512448},total_time:{1808}
01/12 02:58:43 PM | 
01/12 02:58:43 PM | Parameters:
01/12 02:58:43 PM | FC1=16
01/12 02:58:43 PM | FC2=64
01/12 02:58:43 PM | FC3=2
01/12 02:58:43 PM | SYNC=False
01/12 02:58:43 PM | 
01/12 02:58:44 PM | model size: 1.224 KB
01/12 02:58:57 PM | Final best Prec = 98.1250%, Loss = 0.0000
01/12 02:58:57 PM | total_cost:{889408},total_time:{1328}
01/12 02:58:57 PM | 
01/12 02:58:57 PM | Parameters:
01/12 02:58:57 PM | FC1=16
01/12 02:58:57 PM | FC2=64
01/12 02:58:57 PM | FC3=4
01/12 02:58:57 PM | SYNC=False
01/12 02:58:57 PM | 
01/12 02:58:58 PM | model size: 1.353 KB
01/12 02:59:11 PM | Final best Prec = 94.3750%, Loss = 0.0000
01/12 02:59:11 PM | total_cost:{940160},total_time:{1360}
01/12 02:59:11 PM | 
01/12 02:59:11 PM | Parameters:
01/12 02:59:11 PM | FC1=16
01/12 02:59:11 PM | FC2=64
01/12 02:59:11 PM | FC3=8
01/12 02:59:11 PM | SYNC=False
01/12 02:59:11 PM | 
01/12 02:59:12 PM | model size: 1.610 KB
01/12 02:59:25 PM | Final best Prec = 98.1250%, Loss = 0.0000
01/12 02:59:25 PM | total_cost:{1041664},total_time:{1424}
01/12 02:59:25 PM | 
01/12 02:59:25 PM | Parameters:
01/12 02:59:25 PM | FC1=16
01/12 02:59:25 PM | FC2=64
01/12 02:59:25 PM | FC3=16
01/12 02:59:25 PM | SYNC=False
01/12 02:59:25 PM | 
01/12 02:59:26 PM | model size: 2.126 KB
01/12 02:59:38 PM | Final best Prec = 98.1250%, Loss = 0.0000
01/12 02:59:38 PM | total_cost:{1244672},total_time:{1552}
01/12 02:59:38 PM | 
01/12 02:59:38 PM | Parameters:
01/12 02:59:38 PM | FC1=16
01/12 02:59:38 PM | FC2=64
01/12 02:59:38 PM | FC3=32
01/12 02:59:38 PM | SYNC=False
01/12 02:59:38 PM | 
01/12 02:59:40 PM | model size: 3.157 KB
01/12 02:59:53 PM | Final best Prec = 98.1250%, Loss = 0.0000
01/12 02:59:53 PM | total_cost:{1650688},total_time:{1808}
01/12 02:59:53 PM | 
01/12 02:59:53 PM | Parameters:
01/12 02:59:53 PM | FC1=16
01/12 02:59:53 PM | FC2=64
01/12 02:59:53 PM | FC3=64
01/12 02:59:53 PM | SYNC=False
01/12 02:59:53 PM | 
01/12 02:59:55 PM | model size: 5.220 KB
01/12 03:00:08 PM | Final best Prec = 98.1250%, Loss = 0.0000
01/12 03:00:08 PM | total_cost:{2462720},total_time:{2320}
01/12 03:00:08 PM | 
01/12 03:00:08 PM | Parameters:
01/12 03:00:08 PM | FC1=32
01/12 03:00:08 PM | FC2=2
01/12 03:00:08 PM | FC3=2
01/12 03:00:08 PM | SYNC=False
01/12 03:00:08 PM | 
01/12 03:00:08 PM | model size: 0.136 KB
01/12 03:00:21 PM | Final best Prec = 94.3750%, Loss = 0.0000
01/12 03:00:21 PM | total_cost:{275648},total_time:{592}
01/12 03:00:21 PM | 
01/12 03:00:21 PM | Parameters:
01/12 03:00:21 PM | FC1=32
01/12 03:00:21 PM | FC2=2
01/12 03:00:21 PM | FC3=4
01/12 03:00:21 PM | SYNC=False
01/12 03:00:21 PM | 
01/12 03:00:22 PM | model size: 0.144 KB
01/12 03:00:35 PM | Final best Prec = 98.1250%, Loss = 0.0000
01/12 03:00:35 PM | total_cost:{290688},total_time:{624}
01/12 03:00:35 PM | 
01/12 03:00:35 PM | Parameters:
01/12 03:00:35 PM | FC1=32
01/12 03:00:35 PM | FC2=2
01/12 03:00:35 PM | FC3=8
01/12 03:00:35 PM | SYNC=False
01/12 03:00:35 PM | 
01/12 03:00:36 PM | model size: 0.159 KB
01/12 03:00:49 PM | Final best Prec = 98.1250%, Loss = 0.0000
01/12 03:00:49 PM | total_cost:{320768},total_time:{688}
01/12 03:00:49 PM | 
01/12 03:00:49 PM | Parameters:
01/12 03:00:49 PM | FC1=32
01/12 03:00:49 PM | FC2=2
01/12 03:00:49 PM | FC3=16
01/12 03:00:49 PM | SYNC=False
01/12 03:00:49 PM | 
01/12 03:00:50 PM | model size: 0.190 KB
01/12 03:01:03 PM | Final best Prec = 98.1250%, Loss = 0.0000
01/12 03:01:03 PM | total_cost:{380928},total_time:{816}
01/12 03:01:03 PM | 
01/12 03:01:03 PM | Parameters:
01/12 03:01:03 PM | FC1=32
01/12 03:01:03 PM | FC2=2
01/12 03:01:03 PM | FC3=32
01/12 03:01:03 PM | SYNC=False
01/12 03:01:03 PM | 
01/12 03:01:04 PM | model size: 0.253 KB
01/12 03:01:17 PM | Final best Prec = 98.1250%, Loss = 0.0000
01/12 03:01:17 PM | total_cost:{501248},total_time:{1072}
01/12 03:01:17 PM | 
01/12 03:01:17 PM | Parameters:
01/12 03:01:17 PM | FC1=32
01/12 03:01:17 PM | FC2=2
01/12 03:01:17 PM | FC3=64
01/12 03:01:17 PM | SYNC=False
01/12 03:01:17 PM | 
01/12 03:01:18 PM | model size: 0.378 KB
01/12 03:01:31 PM | Final best Prec = 98.1250%, Loss = 0.0000
01/12 03:01:31 PM | total_cost:{741888},total_time:{1584}
01/12 03:01:31 PM | 
01/12 03:01:31 PM | Parameters:
01/12 03:01:31 PM | FC1=32
01/12 03:01:31 PM | FC2=4
01/12 03:01:31 PM | FC3=2
01/12 03:01:31 PM | SYNC=False
01/12 03:01:31 PM | 
01/12 03:01:31 PM | model size: 0.204 KB
01/12 03:01:44 PM | Final best Prec = 98.1250%, Loss = 0.0000
01/12 03:01:44 PM | total_cost:{308544},total_time:{624}
01/12 03:01:44 PM | 
01/12 03:01:44 PM | Parameters:
01/12 03:01:44 PM | FC1=32
01/12 03:01:44 PM | FC2=4
01/12 03:01:44 PM | FC3=4
01/12 03:01:44 PM | SYNC=False
01/12 03:01:44 PM | 
01/12 03:01:45 PM | model size: 0.216 KB
01/12 03:01:58 PM | Final best Prec = 98.1250%, Loss = 0.0000
01/12 03:01:58 PM | total_cost:{324736},total_time:{656}
01/12 03:01:58 PM | 
01/12 03:01:58 PM | Parameters:
01/12 03:01:58 PM | FC1=32
01/12 03:01:58 PM | FC2=4
01/12 03:01:58 PM | FC3=8
01/12 03:01:58 PM | SYNC=False
01/12 03:01:58 PM | 
01/12 03:01:59 PM | model size: 0.239 KB
01/12 03:02:12 PM | Final best Prec = 98.1250%, Loss = 0.0000
01/12 03:02:12 PM | total_cost:{357120},total_time:{720}
01/12 03:02:12 PM | 
01/12 03:02:12 PM | Parameters:
01/12 03:02:12 PM | FC1=32
01/12 03:02:12 PM | FC2=4
01/12 03:02:12 PM | FC3=16
01/12 03:02:12 PM | SYNC=False
01/12 03:02:12 PM | 
01/12 03:02:13 PM | model size: 0.286 KB
01/12 03:02:26 PM | Final best Prec = 98.1250%, Loss = 0.0000
01/12 03:02:26 PM | total_cost:{421888},total_time:{848}
01/12 03:02:26 PM | 
01/12 03:02:26 PM | Parameters:
01/12 03:02:26 PM | FC1=32
01/12 03:02:26 PM | FC2=4
01/12 03:02:26 PM | FC3=32
01/12 03:02:26 PM | SYNC=False
01/12 03:02:26 PM | 
01/12 03:02:27 PM | model size: 0.380 KB
01/12 03:02:40 PM | Final best Prec = 100.0000%, Loss = 0.0000
01/12 03:02:40 PM | total_cost:{551424},total_time:{1104}
01/12 03:02:40 PM | 
01/12 03:02:40 PM | Parameters:
01/12 03:02:40 PM | FC1=32
01/12 03:02:40 PM | FC2=4
01/12 03:02:40 PM | FC3=64
01/12 03:02:40 PM | SYNC=False
01/12 03:02:40 PM | 
01/12 03:02:41 PM | model size: 0.567 KB
01/12 03:02:55 PM | Final best Prec = 98.1250%, Loss = 0.0000
01/12 03:02:55 PM | total_cost:{810496},total_time:{1616}
01/12 03:02:55 PM | 
01/12 03:02:55 PM | Parameters:
01/12 03:02:55 PM | FC1=32
01/12 03:02:55 PM | FC2=8
01/12 03:02:55 PM | FC3=2
01/12 03:02:55 PM | SYNC=False
01/12 03:02:55 PM | 
01/12 03:02:55 PM | model size: 0.341 KB
01/12 03:03:08 PM | Final best Prec = 98.1250%, Loss = 0.0000
01/12 03:03:08 PM | total_cost:{374336},total_time:{688}
01/12 03:03:08 PM | 
01/12 03:03:08 PM | Parameters:
01/12 03:03:08 PM | FC1=32
01/12 03:03:08 PM | FC2=8
01/12 03:03:08 PM | FC3=4
01/12 03:03:08 PM | SYNC=False
01/12 03:03:08 PM | 
01/12 03:03:09 PM | model size: 0.360 KB
01/12 03:03:22 PM | Final best Prec = 98.1250%, Loss = 0.0000
01/12 03:03:22 PM | total_cost:{392832},total_time:{720}
01/12 03:03:22 PM | 
01/12 03:03:22 PM | Parameters:
01/12 03:03:22 PM | FC1=32
01/12 03:03:22 PM | FC2=8
01/12 03:03:22 PM | FC3=8
01/12 03:03:22 PM | SYNC=False
01/12 03:03:22 PM | 
01/12 03:03:23 PM | model size: 0.399 KB
01/12 03:03:36 PM | Final best Prec = 98.1250%, Loss = 0.0000
01/12 03:03:36 PM | total_cost:{429824},total_time:{784}
01/12 03:03:36 PM | 
01/12 03:03:36 PM | Parameters:
01/12 03:03:36 PM | FC1=32
01/12 03:03:36 PM | FC2=8
01/12 03:03:36 PM | FC3=16
01/12 03:03:36 PM | SYNC=False
01/12 03:03:36 PM | 
01/12 03:03:37 PM | model size: 0.478 KB
01/12 03:03:51 PM | Final best Prec = 98.1250%, Loss = 0.0000
01/12 03:03:51 PM | total_cost:{503808},total_time:{912}
01/12 03:03:51 PM | 
01/12 03:03:51 PM | Parameters:
01/12 03:03:51 PM | FC1=32
01/12 03:03:51 PM | FC2=8
01/12 03:03:51 PM | FC3=32
01/12 03:03:51 PM | SYNC=False
01/12 03:03:51 PM | 
01/12 03:03:52 PM | model size: 0.634 KB
01/12 03:04:06 PM | Final best Prec = 98.1250%, Loss = 0.0000
01/12 03:04:06 PM | total_cost:{651776},total_time:{1168}
01/12 03:04:06 PM | 
01/12 03:04:06 PM | Parameters:
01/12 03:04:06 PM | FC1=32
01/12 03:04:06 PM | FC2=8
01/12 03:04:06 PM | FC3=64
01/12 03:04:06 PM | SYNC=False
01/12 03:04:06 PM | 
01/12 03:04:07 PM | model size: 0.946 KB
01/12 03:04:21 PM | Final best Prec = 98.1250%, Loss = 0.0000
01/12 03:04:21 PM | total_cost:{947712},total_time:{1680}
01/12 03:04:21 PM | 
01/12 03:04:21 PM | Parameters:
01/12 03:04:21 PM | FC1=32
01/12 03:04:21 PM | FC2=16
01/12 03:04:21 PM | FC3=2
01/12 03:04:21 PM | SYNC=False
01/12 03:04:21 PM | 
01/12 03:04:22 PM | model size: 0.614 KB
01/12 03:04:36 PM | Final best Prec = 96.2500%, Loss = 0.0000
01/12 03:04:36 PM | total_cost:{505920},total_time:{816}
01/12 03:04:36 PM | 
01/12 03:04:36 PM | Parameters:
01/12 03:04:36 PM | FC1=32
01/12 03:04:36 PM | FC2=16
01/12 03:04:36 PM | FC3=4
01/12 03:04:36 PM | SYNC=False
01/12 03:04:36 PM | 
01/12 03:04:37 PM | model size: 0.649 KB
01/12 03:04:51 PM | Final best Prec = 98.1250%, Loss = 0.0000
01/12 03:04:51 PM | total_cost:{529024},total_time:{848}
01/12 03:04:51 PM | 
01/12 03:04:51 PM | Parameters:
01/12 03:04:51 PM | FC1=32
01/12 03:04:51 PM | FC2=16
01/12 03:04:51 PM | FC3=8
01/12 03:04:51 PM | SYNC=False
01/12 03:04:51 PM | 
01/12 03:04:52 PM | model size: 0.720 KB
01/12 03:05:06 PM | Final best Prec = 98.1250%, Loss = 0.0000
01/12 03:05:06 PM | total_cost:{575232},total_time:{912}
01/12 03:05:06 PM | 
01/12 03:05:06 PM | Parameters:
01/12 03:05:06 PM | FC1=32
01/12 03:05:06 PM | FC2=16
01/12 03:05:06 PM | FC3=16
01/12 03:05:06 PM | SYNC=False
01/12 03:05:06 PM | 
01/12 03:05:07 PM | model size: 0.860 KB
01/12 03:05:21 PM | Final best Prec = 98.1250%, Loss = 0.0000
01/12 03:05:21 PM | total_cost:{667648},total_time:{1040}
01/12 03:05:21 PM | 
01/12 03:05:21 PM | Parameters:
01/12 03:05:21 PM | FC1=32
01/12 03:05:21 PM | FC2=16
01/12 03:05:21 PM | FC3=32
01/12 03:05:21 PM | SYNC=False
01/12 03:05:21 PM | 
01/12 03:05:22 PM | model size: 1.142 KB
01/12 03:05:37 PM | Final best Prec = 98.1250%, Loss = 0.0000
01/12 03:05:37 PM | total_cost:{852480},total_time:{1296}
01/12 03:05:37 PM | 
01/12 03:05:37 PM | Parameters:
01/12 03:05:37 PM | FC1=32
01/12 03:05:37 PM | FC2=16
01/12 03:05:37 PM | FC3=64
01/12 03:05:37 PM | SYNC=False
01/12 03:05:37 PM | 
01/12 03:05:38 PM | model size: 1.704 KB
01/12 03:05:52 PM | Final best Prec = 98.1250%, Loss = 0.0000
01/12 03:05:52 PM | total_cost:{1222144},total_time:{1808}
01/12 03:05:52 PM | 
01/12 03:05:52 PM | Parameters:
01/12 03:05:52 PM | FC1=32
01/12 03:05:52 PM | FC2=32
01/12 03:05:52 PM | FC3=2
01/12 03:05:52 PM | SYNC=False
01/12 03:05:52 PM | 
01/12 03:05:53 PM | model size: 1.161 KB
01/12 03:06:07 PM | Final best Prec = 97.8125%, Loss = 0.0000
01/12 03:06:07 PM | total_cost:{769088},total_time:{1072}
01/12 03:06:07 PM | 
01/12 03:06:07 PM | Parameters:
01/12 03:06:07 PM | FC1=32
01/12 03:06:07 PM | FC2=32
01/12 03:06:07 PM | FC3=4
01/12 03:06:07 PM | SYNC=False
01/12 03:06:07 PM | 
01/12 03:06:07 PM | model size: 1.228 KB
01/12 03:06:21 PM | Final best Prec = 98.1250%, Loss = 0.0000
01/12 03:06:21 PM | total_cost:{801408},total_time:{1104}
01/12 03:06:21 PM | 
01/12 03:06:21 PM | Parameters:
01/12 03:06:21 PM | FC1=32
01/12 03:06:21 PM | FC2=32
01/12 03:06:21 PM | FC3=8
01/12 03:06:21 PM | SYNC=False
01/12 03:06:21 PM | 
01/12 03:06:22 PM | model size: 1.360 KB
01/12 03:06:36 PM | Final best Prec = 98.1250%, Loss = 0.0000
01/12 03:06:36 PM | total_cost:{866048},total_time:{1168}
01/12 03:06:36 PM | 
01/12 03:06:36 PM | Parameters:
01/12 03:06:36 PM | FC1=32
01/12 03:06:36 PM | FC2=32
01/12 03:06:36 PM | FC3=16
01/12 03:06:36 PM | SYNC=False
01/12 03:06:36 PM | 
01/12 03:06:37 PM | model size: 1.626 KB
01/12 03:06:52 PM | Final best Prec = 98.1250%, Loss = 0.0000
01/12 03:06:52 PM | total_cost:{995328},total_time:{1296}
01/12 03:06:52 PM | 
01/12 03:06:52 PM | Parameters:
01/12 03:06:52 PM | FC1=32
01/12 03:06:52 PM | FC2=32
01/12 03:06:52 PM | FC3=32
01/12 03:06:52 PM | SYNC=False
01/12 03:06:52 PM | 
01/12 03:06:52 PM | model size: 2.157 KB
01/12 03:07:07 PM | Final best Prec = 98.1250%, Loss = 0.0000
01/12 03:07:07 PM | total_cost:{1253888},total_time:{1552}
01/12 03:07:07 PM | 
01/12 03:07:07 PM | Parameters:
01/12 03:07:07 PM | FC1=32
01/12 03:07:07 PM | FC2=32
01/12 03:07:07 PM | FC3=64
01/12 03:07:07 PM | SYNC=False
01/12 03:07:07 PM | 
01/12 03:07:09 PM | model size: 3.220 KB
01/12 03:07:23 PM | Final best Prec = 98.1250%, Loss = 0.0000
01/12 03:07:23 PM | total_cost:{1771008},total_time:{2064}
01/12 03:07:23 PM | 
01/12 03:07:23 PM | Parameters:
01/12 03:07:23 PM | FC1=32
01/12 03:07:23 PM | FC2=64
01/12 03:07:23 PM | FC3=2
01/12 03:07:23 PM | SYNC=False
01/12 03:07:23 PM | 
01/12 03:07:24 PM | model size: 2.255 KB
01/12 03:07:39 PM | Final best Prec = 98.1250%, Loss = 0.0000
01/12 03:07:39 PM | total_cost:{1295424},total_time:{1584}
01/12 03:07:39 PM | 
01/12 03:07:39 PM | Parameters:
01/12 03:07:39 PM | FC1=32
01/12 03:07:39 PM | FC2=64
01/12 03:07:39 PM | FC3=4
01/12 03:07:39 PM | SYNC=False
01/12 03:07:39 PM | 
01/12 03:07:40 PM | model size: 2.384 KB
01/12 03:07:55 PM | Final best Prec = 98.1250%, Loss = 0.0000
01/12 03:07:55 PM | total_cost:{1346176},total_time:{1616}
01/12 03:07:55 PM | 
01/12 03:07:55 PM | Parameters:
01/12 03:07:55 PM | FC1=32
01/12 03:07:55 PM | FC2=64
01/12 03:07:55 PM | FC3=8
01/12 03:07:55 PM | SYNC=False
01/12 03:07:55 PM | 
01/12 03:07:56 PM | model size: 2.642 KB
01/12 03:08:10 PM | Final best Prec = 98.1250%, Loss = 0.0000
01/12 03:08:10 PM | total_cost:{1447680},total_time:{1680}
01/12 03:08:11 PM | 
01/12 03:08:11 PM | Parameters:
01/12 03:08:11 PM | FC1=32
01/12 03:08:11 PM | FC2=64
01/12 03:08:11 PM | FC3=16
01/12 03:08:11 PM | SYNC=False
01/12 03:08:11 PM | 
01/12 03:08:12 PM | model size: 3.157 KB
01/12 03:08:27 PM | Final best Prec = 98.1250%, Loss = 0.0000
01/12 03:08:27 PM | total_cost:{1650688},total_time:{1808}
01/12 03:08:27 PM | 
01/12 03:08:27 PM | Parameters:
01/12 03:08:27 PM | FC1=32
01/12 03:08:27 PM | FC2=64
01/12 03:08:27 PM | FC3=32
01/12 03:08:27 PM | SYNC=False
01/12 03:08:27 PM | 
01/12 03:08:29 PM | model size: 4.188 KB
01/12 03:08:43 PM | Final best Prec = 98.1250%, Loss = 0.0000
01/12 03:08:43 PM | total_cost:{2056704},total_time:{2064}
01/12 03:08:43 PM | 
01/12 03:08:43 PM | Parameters:
01/12 03:08:43 PM | FC1=32
01/12 03:08:43 PM | FC2=64
01/12 03:08:43 PM | FC3=64
01/12 03:08:43 PM | SYNC=False
01/12 03:08:43 PM | 
01/12 03:08:46 PM | model size: 6.251 KB
01/12 03:09:01 PM | Final best Prec = 98.1250%, Loss = 0.0000
01/12 03:09:01 PM | total_cost:{2868736},total_time:{2576}
01/12 03:09:01 PM | 
01/12 03:09:01 PM | Parameters:
01/12 03:09:01 PM | FC1=64
01/12 03:09:01 PM | FC2=2
01/12 03:09:01 PM | FC3=2
01/12 03:09:01 PM | SYNC=False
01/12 03:09:01 PM | 
01/12 03:09:01 PM | model size: 0.261 KB
01/12 03:09:16 PM | Final best Prec = 98.1250%, Loss = 0.0000
01/12 03:09:16 PM | total_cost:{516288},total_time:{1104}
01/12 03:09:16 PM | 
01/12 03:09:16 PM | Parameters:
01/12 03:09:16 PM | FC1=64
01/12 03:09:16 PM | FC2=2
01/12 03:09:16 PM | FC3=4
01/12 03:09:16 PM | SYNC=False
01/12 03:09:16 PM | 
01/12 03:09:17 PM | model size: 0.269 KB
01/12 03:09:32 PM | Final best Prec = 90.6250%, Loss = 0.0000
01/12 03:09:32 PM | total_cost:{531328},total_time:{1136}
01/12 03:09:32 PM | 
01/12 03:09:32 PM | Parameters:
01/12 03:09:32 PM | FC1=64
01/12 03:09:32 PM | FC2=2
01/12 03:09:32 PM | FC3=8
01/12 03:09:32 PM | SYNC=False
01/12 03:09:32 PM | 
01/12 03:09:33 PM | model size: 0.284 KB
01/12 03:09:48 PM | Final best Prec = 98.1250%, Loss = 0.0000
01/12 03:09:48 PM | total_cost:{561408},total_time:{1200}
01/12 03:09:48 PM | 
01/12 03:09:48 PM | Parameters:
01/12 03:09:48 PM | FC1=64
01/12 03:09:48 PM | FC2=2
01/12 03:09:48 PM | FC3=16
01/12 03:09:48 PM | SYNC=False
01/12 03:09:48 PM | 
01/12 03:09:49 PM | model size: 0.315 KB
01/12 03:10:04 PM | Final best Prec = 98.1250%, Loss = 0.0000
01/12 03:10:04 PM | total_cost:{621568},total_time:{1328}
01/12 03:10:04 PM | 
01/12 03:10:04 PM | Parameters:
01/12 03:10:04 PM | FC1=64
01/12 03:10:04 PM | FC2=2
01/12 03:10:04 PM | FC3=32
01/12 03:10:04 PM | SYNC=False
01/12 03:10:04 PM | 
01/12 03:10:05 PM | model size: 0.378 KB
01/12 03:10:19 PM | Final best Prec = 98.1250%, Loss = 0.0000
01/12 03:10:19 PM | total_cost:{741888},total_time:{1584}
01/12 03:10:19 PM | 
01/12 03:10:19 PM | Parameters:
01/12 03:10:19 PM | FC1=64
01/12 03:10:19 PM | FC2=2
01/12 03:10:19 PM | FC3=64
01/12 03:10:19 PM | SYNC=False
01/12 03:10:19 PM | 
01/12 03:10:21 PM | model size: 0.503 KB
01/12 03:10:35 PM | Final best Prec = 98.1250%, Loss = 0.0000
01/12 03:10:35 PM | total_cost:{982528},total_time:{2096}
01/12 03:10:35 PM | 
01/12 03:10:35 PM | Parameters:
01/12 03:10:35 PM | FC1=64
01/12 03:10:35 PM | FC2=4
01/12 03:10:35 PM | FC3=2
01/12 03:10:35 PM | SYNC=False
01/12 03:10:35 PM | 
01/12 03:10:36 PM | model size: 0.392 KB
01/12 03:10:51 PM | Final best Prec = 98.1250%, Loss = 0.0000
01/12 03:10:51 PM | total_cost:{567616},total_time:{1136}
01/12 03:10:51 PM | 
01/12 03:10:51 PM | Parameters:
01/12 03:10:51 PM | FC1=64
01/12 03:10:51 PM | FC2=4
01/12 03:10:51 PM | FC3=4
01/12 03:10:51 PM | SYNC=False
01/12 03:10:51 PM | 
01/12 03:10:52 PM | model size: 0.403 KB
01/12 03:11:07 PM | Final best Prec = 98.1250%, Loss = 0.0000
01/12 03:11:07 PM | total_cost:{583808},total_time:{1168}
01/12 03:11:07 PM | 
01/12 03:11:07 PM | Parameters:
01/12 03:11:07 PM | FC1=64
01/12 03:11:07 PM | FC2=4
01/12 03:11:07 PM | FC3=8
01/12 03:11:07 PM | SYNC=False
01/12 03:11:07 PM | 
01/12 03:11:08 PM | model size: 0.427 KB
01/12 03:11:23 PM | Final best Prec = 98.1250%, Loss = 0.0000
01/12 03:11:23 PM | total_cost:{616192},total_time:{1232}
01/12 03:11:23 PM | 
01/12 03:11:23 PM | Parameters:
01/12 03:11:23 PM | FC1=64
01/12 03:11:23 PM | FC2=4
01/12 03:11:23 PM | FC3=16
01/12 03:11:23 PM | SYNC=False
01/12 03:11:23 PM | 
01/12 03:11:24 PM | model size: 0.474 KB
01/12 03:11:39 PM | Final best Prec = 98.1250%, Loss = 0.0000
01/12 03:11:39 PM | total_cost:{680960},total_time:{1360}
01/12 03:11:39 PM | 
01/12 03:11:39 PM | Parameters:
01/12 03:11:39 PM | FC1=64
01/12 03:11:39 PM | FC2=4
01/12 03:11:39 PM | FC3=32
01/12 03:11:39 PM | SYNC=False
01/12 03:11:39 PM | 
01/12 03:11:40 PM | model size: 0.567 KB
01/12 03:11:56 PM | Final best Prec = 98.1250%, Loss = 0.0000
01/12 03:11:56 PM | total_cost:{810496},total_time:{1616}
01/12 03:11:56 PM | 
01/12 03:11:56 PM | Parameters:
01/12 03:11:56 PM | FC1=64
01/12 03:11:56 PM | FC2=4
01/12 03:11:56 PM | FC3=64
01/12 03:11:56 PM | SYNC=False
01/12 03:11:56 PM | 
01/12 03:11:57 PM | model size: 0.755 KB
01/12 03:12:13 PM | Final best Prec = 98.1250%, Loss = 0.0000
01/12 03:12:13 PM | total_cost:{1069568},total_time:{2128}
01/12 03:12:13 PM | 
01/12 03:12:13 PM | Parameters:
01/12 03:12:13 PM | FC1=64
01/12 03:12:13 PM | FC2=8
01/12 03:12:13 PM | FC3=2
01/12 03:12:13 PM | SYNC=False
01/12 03:12:13 PM | 
01/12 03:12:13 PM | model size: 0.653 KB
01/12 03:12:29 PM | Final best Prec = 98.1250%, Loss = 0.0000
01/12 03:12:29 PM | total_cost:{670272},total_time:{1200}
01/12 03:12:29 PM | 
01/12 03:12:29 PM | Parameters:
01/12 03:12:29 PM | FC1=64
01/12 03:12:29 PM | FC2=8
01/12 03:12:29 PM | FC3=4
01/12 03:12:29 PM | SYNC=False
01/12 03:12:29 PM | 
01/12 03:12:30 PM | model size: 0.673 KB
01/12 03:12:46 PM | Final best Prec = 98.1250%, Loss = 0.0000
01/12 03:12:46 PM | total_cost:{688768},total_time:{1232}
01/12 03:12:46 PM | 
01/12 03:12:46 PM | Parameters:
01/12 03:12:46 PM | FC1=64
01/12 03:12:46 PM | FC2=8
01/12 03:12:46 PM | FC3=8
01/12 03:12:46 PM | SYNC=False
01/12 03:12:46 PM | 
01/12 03:12:46 PM | model size: 0.712 KB
01/12 03:13:02 PM | Final best Prec = 98.1250%, Loss = 0.0000
01/12 03:13:02 PM | total_cost:{725760},total_time:{1296}
01/12 03:13:02 PM | 
01/12 03:13:02 PM | Parameters:
01/12 03:13:02 PM | FC1=64
01/12 03:13:02 PM | FC2=8
01/12 03:13:02 PM | FC3=16
01/12 03:13:02 PM | SYNC=False
01/12 03:13:02 PM | 
01/12 03:13:03 PM | model size: 0.790 KB
01/12 03:13:19 PM | Final best Prec = 98.1250%, Loss = 0.0000
01/12 03:13:19 PM | total_cost:{799744},total_time:{1424}
01/12 03:13:19 PM | 
01/12 03:13:19 PM | Parameters:
01/12 03:13:19 PM | FC1=64
01/12 03:13:19 PM | FC2=8
01/12 03:13:19 PM | FC3=32
01/12 03:13:19 PM | SYNC=False
01/12 03:13:19 PM | 
01/12 03:13:20 PM | model size: 0.946 KB
01/12 03:13:36 PM | Final best Prec = 98.1250%, Loss = 0.0000
01/12 03:13:36 PM | total_cost:{947712},total_time:{1680}
01/12 03:13:36 PM | 
01/12 03:13:36 PM | Parameters:
01/12 03:13:36 PM | FC1=64
01/12 03:13:36 PM | FC2=8
01/12 03:13:36 PM | FC3=64
01/12 03:13:36 PM | SYNC=False
01/12 03:13:36 PM | 
01/12 03:13:37 PM | model size: 1.259 KB
01/12 03:13:53 PM | Final best Prec = 98.1250%, Loss = 0.0000
01/12 03:13:53 PM | total_cost:{1243648},total_time:{2192}
01/12 03:13:53 PM | 
01/12 03:13:53 PM | Parameters:
01/12 03:13:53 PM | FC1=64
01/12 03:13:53 PM | FC2=16
01/12 03:13:53 PM | FC3=2
01/12 03:13:53 PM | SYNC=False
01/12 03:13:53 PM | 
01/12 03:13:53 PM | model size: 1.177 KB
01/12 03:14:09 PM | Final best Prec = 98.1250%, Loss = 0.0000
01/12 03:14:09 PM | total_cost:{875584},total_time:{1328}
01/12 03:14:09 PM | 
01/12 03:14:09 PM | Parameters:
01/12 03:14:09 PM | FC1=64
01/12 03:14:09 PM | FC2=16
01/12 03:14:09 PM | FC3=4
01/12 03:14:09 PM | SYNC=False
01/12 03:14:09 PM | 
01/12 03:14:10 PM | model size: 1.212 KB
01/12 03:14:25 PM | Final best Prec = 98.1250%, Loss = 0.0000
01/12 03:14:25 PM | total_cost:{898688},total_time:{1360}
01/12 03:14:25 PM | 
01/12 03:14:25 PM | Parameters:
01/12 03:14:25 PM | FC1=64
01/12 03:14:25 PM | FC2=16
01/12 03:14:25 PM | FC3=8
01/12 03:14:25 PM | SYNC=False
01/12 03:14:25 PM | 
01/12 03:14:26 PM | model size: 1.282 KB
01/12 03:14:42 PM | Final best Prec = 98.1250%, Loss = 0.0000
01/12 03:14:42 PM | total_cost:{944896},total_time:{1424}
01/12 03:14:42 PM | 
01/12 03:14:42 PM | Parameters:
01/12 03:14:42 PM | FC1=64
01/12 03:14:42 PM | FC2=16
01/12 03:14:42 PM | FC3=16
01/12 03:14:42 PM | SYNC=False
01/12 03:14:42 PM | 
01/12 03:14:43 PM | model size: 1.423 KB
01/12 03:14:59 PM | Final best Prec = 98.1250%, Loss = 0.0000
01/12 03:14:59 PM | total_cost:{1037312},total_time:{1552}
01/12 03:14:59 PM | 
01/12 03:14:59 PM | Parameters:
01/12 03:14:59 PM | FC1=64
01/12 03:14:59 PM | FC2=16
01/12 03:14:59 PM | FC3=32
01/12 03:14:59 PM | SYNC=False
01/12 03:14:59 PM | 
01/12 03:15:01 PM | model size: 1.704 KB
01/12 03:15:17 PM | Final best Prec = 98.1250%, Loss = 0.0000
01/12 03:15:17 PM | total_cost:{1222144},total_time:{1808}
01/12 03:15:17 PM | 
01/12 03:15:17 PM | Parameters:
01/12 03:15:17 PM | FC1=64
01/12 03:15:17 PM | FC2=16
01/12 03:15:17 PM | FC3=64
01/12 03:15:17 PM | SYNC=False
01/12 03:15:17 PM | 
01/12 03:15:18 PM | model size: 2.267 KB
01/12 03:15:35 PM | Final best Prec = 98.1250%, Loss = 0.0000
01/12 03:15:35 PM | total_cost:{1591808},total_time:{2320}
01/12 03:15:35 PM | 
01/12 03:15:35 PM | Parameters:
01/12 03:15:35 PM | FC1=64
01/12 03:15:35 PM | FC2=32
01/12 03:15:35 PM | FC3=2
01/12 03:15:35 PM | SYNC=False
01/12 03:15:35 PM | 
01/12 03:15:36 PM | model size: 2.224 KB
01/12 03:15:53 PM | Final best Prec = 94.3750%, Loss = 0.0000
01/12 03:15:53 PM | total_cost:{1286208},total_time:{1584}
01/12 03:15:53 PM | 
01/12 03:15:53 PM | Parameters:
01/12 03:15:53 PM | FC1=64
01/12 03:15:53 PM | FC2=32
01/12 03:15:53 PM | FC3=4
01/12 03:15:53 PM | SYNC=False
01/12 03:15:53 PM | 
01/12 03:15:55 PM | model size: 2.290 KB
01/12 03:16:12 PM | Final best Prec = 98.1250%, Loss = 0.0000
01/12 03:16:12 PM | total_cost:{1318528},total_time:{1616}
01/12 03:16:12 PM | 
01/12 03:16:12 PM | Parameters:
01/12 03:16:12 PM | FC1=64
01/12 03:16:12 PM | FC2=32
01/12 03:16:12 PM | FC3=8
01/12 03:16:12 PM | SYNC=False
01/12 03:16:12 PM | 
01/12 03:16:13 PM | model size: 2.423 KB
01/12 03:16:31 PM | Final best Prec = 98.1250%, Loss = 0.0000
01/12 03:16:31 PM | total_cost:{1383168},total_time:{1680}
01/12 03:16:31 PM | 
01/12 03:16:31 PM | Parameters:
01/12 03:16:31 PM | FC1=64
01/12 03:16:31 PM | FC2=32
01/12 03:16:31 PM | FC3=16
01/12 03:16:31 PM | SYNC=False
01/12 03:16:31 PM | 
01/12 03:16:32 PM | model size: 2.688 KB
01/12 03:16:50 PM | Final best Prec = 98.1250%, Loss = 0.0000
01/12 03:16:50 PM | total_cost:{1512448},total_time:{1808}
01/12 03:16:50 PM | 
01/12 03:16:50 PM | Parameters:
01/12 03:16:50 PM | FC1=64
01/12 03:16:50 PM | FC2=32
01/12 03:16:50 PM | FC3=32
01/12 03:16:50 PM | SYNC=False
01/12 03:16:50 PM | 
01/12 03:16:51 PM | model size: 3.220 KB
01/12 03:17:08 PM | Final best Prec = 98.1250%, Loss = 0.0000
01/12 03:17:08 PM | total_cost:{1771008},total_time:{2064}
01/12 03:17:08 PM | 
01/12 03:17:08 PM | Parameters:
01/12 03:17:08 PM | FC1=64
01/12 03:17:08 PM | FC2=32
01/12 03:17:08 PM | FC3=64
01/12 03:17:08 PM | SYNC=False
01/12 03:17:08 PM | 
01/12 03:17:11 PM | model size: 4.282 KB
01/12 03:17:28 PM | Final best Prec = 98.1250%, Loss = 0.0000
01/12 03:17:28 PM | total_cost:{2288128},total_time:{2576}
01/12 03:17:28 PM | 
01/12 03:17:28 PM | Parameters:
01/12 03:17:28 PM | FC1=64
01/12 03:17:28 PM | FC2=64
01/12 03:17:28 PM | FC3=2
01/12 03:17:28 PM | SYNC=False
01/12 03:17:28 PM | 
01/12 03:17:30 PM | model size: 4.317 KB
01/12 03:17:47 PM | Final best Prec = 98.1250%, Loss = 0.0000
01/12 03:17:47 PM | total_cost:{2107456},total_time:{2096}
01/12 03:17:47 PM | 
01/12 03:17:47 PM | Parameters:
01/12 03:17:47 PM | FC1=64
01/12 03:17:47 PM | FC2=64
01/12 03:17:47 PM | FC3=4
01/12 03:17:47 PM | SYNC=False
01/12 03:17:47 PM | 
01/12 03:17:49 PM | model size: 4.446 KB
01/12 03:18:07 PM | Final best Prec = 98.1250%, Loss = 0.0000
01/12 03:18:07 PM | total_cost:{2158208},total_time:{2128}
01/12 03:18:07 PM | 
01/12 03:18:07 PM | Parameters:
01/12 03:18:07 PM | FC1=64
01/12 03:18:07 PM | FC2=64
01/12 03:18:07 PM | FC3=8
01/12 03:18:07 PM | SYNC=False
01/12 03:18:07 PM | 
01/12 03:18:08 PM | model size: 4.704 KB
01/12 03:18:26 PM | Final best Prec = 98.1250%, Loss = 0.0000
01/12 03:18:26 PM | total_cost:{2259712},total_time:{2192}
01/12 03:18:26 PM | 
01/12 03:18:26 PM | Parameters:
01/12 03:18:26 PM | FC1=64
01/12 03:18:26 PM | FC2=64
01/12 03:18:26 PM | FC3=16
01/12 03:18:26 PM | SYNC=False
01/12 03:18:26 PM | 
01/12 03:18:28 PM | model size: 5.220 KB
01/12 03:18:46 PM | Final best Prec = 97.8125%, Loss = 0.0000
01/12 03:18:46 PM | total_cost:{2462720},total_time:{2320}
01/12 03:18:46 PM | 
01/12 03:18:46 PM | Parameters:
01/12 03:18:46 PM | FC1=64
01/12 03:18:46 PM | FC2=64
01/12 03:18:46 PM | FC3=32
01/12 03:18:46 PM | SYNC=False
01/12 03:18:46 PM | 
01/12 03:18:48 PM | model size: 6.251 KB
01/12 03:19:06 PM | Final best Prec = 98.1250%, Loss = 0.0000
01/12 03:19:06 PM | total_cost:{2868736},total_time:{2576}
01/12 03:19:06 PM | 
01/12 03:19:06 PM | Parameters:
01/12 03:19:06 PM | FC1=64
01/12 03:19:06 PM | FC2=64
01/12 03:19:06 PM | FC3=64
01/12 03:19:06 PM | SYNC=False
01/12 03:19:06 PM | 
01/12 03:19:08 PM | model size: 8.313 KB
01/12 03:19:26 PM | Final best Prec = 98.1250%, Loss = 0.0000
01/12 03:19:26 PM | total_cost:{3680768},total_time:{3088}
